<?xml version="1.0" encoding="utf-8"?>
<CoverageSession xmlns:xsd="http://www.w3.org/2001/XMLSchema" xmlns:xsi="http://www.w3.org/2001/XMLSchema-instance">
  <Modules>
    <Module skippedDueTo="Filter" hash="62-DD-BC-4D-B9-84-CC-C4-7D-78-4B-CE-AA-CF-2D-75-34-BB-04-D0">
      <FullName>C:\WINDOWS\Microsoft.Net\assembly\GAC_32\mscorlib\v4.0_4.0.0.0__b77a5c561934e089\mscorlib.dll</FullName>
      <ModuleName>mscorlib</ModuleName>
      <Classes />
    </Module>
    <Module skippedDueTo="MissingPdb" hash="F2-88-6F-25-4E-20-75-4B-26-EB-92-FB-BB-B2-61-C4-AE-3C-02-C0">
      <FullName>D:\Program Files (x86)\SharpDevelop\4.4\bin\Tools\NUnit\nunit-console-x86.exe</FullName>
      <ModuleName>nunit-console</ModuleName>
      <Classes />
    </Module>
    <Module skippedDueTo="MissingPdb" hash="33-E1-CA-24-52-5A-B7-C7-C4-AF-91-2C-A9-4A-C0-37-67-0D-5B-FE">
      <FullName>D:\Program Files (x86)\SharpDevelop\4.4\bin\Tools\NUnit\lib\nunit.core.dll</FullName>
      <ModuleName>nunit.core</ModuleName>
      <Classes />
    </Module>
    <Module skippedDueTo="MissingPdb" hash="2A-C4-E5-DE-F3-EE-AD-84-E1-65-84-CC-15-90-76-96-E7-01-44-4E">
      <FullName>D:\Program Files (x86)\SharpDevelop\4.4\bin\Tools\NUnit\lib\nunit-console-runner.dll</FullName>
      <ModuleName>nunit-console-runner</ModuleName>
      <Classes />
    </Module>
    <Module skippedDueTo="MissingPdb" hash="74-74-F6-87-59-E1-5F-4F-5F-5E-6E-82-50-E8-E2-46-D4-86-15-76">
      <FullName>D:\Program Files (x86)\SharpDevelop\4.4\bin\Tools\NUnit\lib\nunit.util.dll</FullName>
      <ModuleName>nunit.util</ModuleName>
      <Classes />
    </Module>
    <Module skippedDueTo="MissingPdb" hash="D3-A4-4D-85-55-F7-CE-EF-A5-90-AA-EF-58-E0-9F-B6-CC-27-99-53">
      <FullName>D:\Program Files (x86)\SharpDevelop\4.4\bin\Tools\NUnit\lib\nunit.core.interfaces.dll</FullName>
      <ModuleName>nunit.core.interfaces</ModuleName>
      <Classes />
    </Module>
    <Module skippedDueTo="Filter" hash="DF-C9-61-37-67-FC-86-B5-19-6B-51-39-78-82-42-F2-94-44-FD-2F">
      <FullName>C:\WINDOWS\Microsoft.Net\assembly\GAC_MSIL\System.Configuration\v4.0_4.0.0.0__b03f5f7f11d50a3a\System.Configuration.dll</FullName>
      <ModuleName>System.Configuration</ModuleName>
      <Classes />
    </Module>
    <Module skippedDueTo="Filter" hash="4A-9D-81-85-DC-CF-74-ED-91-AC-6F-7B-37-3D-3E-0B-36-5C-56-66">
      <FullName>C:\WINDOWS\Microsoft.Net\assembly\GAC_MSIL\System\v4.0_4.0.0.0__b77a5c561934e089\System.dll</FullName>
      <ModuleName>System</ModuleName>
      <Classes />
    </Module>
    <Module skippedDueTo="Filter" hash="BA-94-4B-50-1E-D5-31-87-F3-25-6E-BA-07-71-E4-9F-22-0D-B8-34">
      <FullName>C:\WINDOWS\Microsoft.Net\assembly\GAC_MSIL\System.Xml\v4.0_4.0.0.0__b77a5c561934e089\System.Xml.dll</FullName>
      <ModuleName>System.Xml</ModuleName>
      <Classes />
    </Module>
    <Module skippedDueTo="Filter" hash="A7-7B-4E-D4-75-E8-13-EA-81-E3-7A-CE-3B-E3-5B-7B-B9-B9-D8-B3">
      <FullName>C:\WINDOWS\Microsoft.Net\assembly\GAC_MSIL\System.Runtime.Remoting\v4.0_4.0.0.0__b77a5c561934e089\System.Runtime.Remoting.dll</FullName>
      <ModuleName>System.Runtime.Remoting</ModuleName>
      <Classes />
    </Module>
    <Module skippedDueTo="MissingPdb" hash="33-E1-CA-24-52-5A-B7-C7-C4-AF-91-2C-A9-4A-C0-37-67-0D-5B-FE">
      <FullName>D:\Program Files (x86)\SharpDevelop\4.4\bin\Tools\NUnit\lib\nunit.core.dll</FullName>
      <ModuleName>nunit.core</ModuleName>
      <Classes />
    </Module>
    <Module skippedDueTo="Filter" hash="4A-9D-81-85-DC-CF-74-ED-91-AC-6F-7B-37-3D-3E-0B-36-5C-56-66">
      <FullName>C:\WINDOWS\Microsoft.Net\assembly\GAC_MSIL\System\v4.0_4.0.0.0__b77a5c561934e089\System.dll</FullName>
      <ModuleName>System</ModuleName>
      <Classes />
    </Module>
    <Module skippedDueTo="Filter" hash="BA-94-4B-50-1E-D5-31-87-F3-25-6E-BA-07-71-E4-9F-22-0D-B8-34">
      <FullName>C:\WINDOWS\Microsoft.Net\assembly\GAC_MSIL\System.Xml\v4.0_4.0.0.0__b77a5c561934e089\System.Xml.dll</FullName>
      <ModuleName>System.Xml</ModuleName>
      <Classes />
    </Module>
    <Module skippedDueTo="MissingPdb" hash="D3-A4-4D-85-55-F7-CE-EF-A5-90-AA-EF-58-E0-9F-B6-CC-27-99-53">
      <FullName>D:\Program Files (x86)\SharpDevelop\4.4\bin\Tools\NUnit\lib\nunit.core.interfaces.dll</FullName>
      <ModuleName>nunit.core.interfaces</ModuleName>
      <Classes />
    </Module>
    <Module hash="95-31-70-3E-8D-6F-C9-25-C4-8C-98-FC-BC-73-C2-9C-4A-BE-D0-8D">
      <FullName>C:\Users\Ian\AppData\Local\Temp\nunit20\ShadowCopyCache\29848_637151584872615324\Tests_369998750\assembly\dl3\ded3f06a\0eaafb6a_a3cfd501\Red.PointOfSale.Tests.exe</FullName>
      <ModuleName>Red.PointOfSale.Tests</ModuleName>
      <Files>
        <File uid="1" fullPath="d:\Projects\Red.PointOfSale\Red.PointOfSale.Tests\Commands\LoginTests.cs" />
        <File uid="2" fullPath="d:\Projects\Red.PointOfSale\Red.PointOfSale.Tests\Gui\LoginPaneTests.cs" />
        <File uid="3" fullPath="d:\Projects\Red.PointOfSale\Red.PointOfSale.Tests\Gui\SalesReceiptPaneTests.cs" />
        <File uid="4" fullPath="d:\Projects\Red.PointOfSale\Red.PointOfSale.Tests\MainForm.Designer.cs" />
        <File uid="5" fullPath="d:\Projects\Red.PointOfSale\Red.PointOfSale.Tests\Program.cs" />
        <File uid="6" fullPath="d:\Projects\Red.PointOfSale\Red.PointOfSale.Tests\Repositories\CustomerRepositoryTests.cs" />
        <File uid="7" fullPath="d:\Projects\Red.PointOfSale\Red.PointOfSale.Tests\Repositories\ItemRepositoryTests.cs" />
      </Files>
      <Classes>
        <Class>
          <FullName>&lt;Module&gt;</FullName>
          <Methods />
        </Class>
        <Class>
          <FullName>Red.PointOfSale.Tests.Commands.LoginTests</FullName>
          <Methods>
            <Method visited="false" cyclomaticComplexity="1" sequenceCoverage="0" branchCoverage="0" isConstructor="false" isStatic="false" isGetter="false" isSetter="false">
              <MetadataToken>100663297</MetadataToken>
              <Name>System.Void Red.PointOfSale.Tests.Commands.LoginTests::TestMethod()</Name>
              <FileRef uid="1" />
              <SequencePoints>
                <SequencePoint vc="0" uspid="1" ordinal="0" offset="0" sl="12" sc="9" el="12" ec="10" />
                <SequencePoint vc="0" uspid="2" ordinal="1" offset="1" sl="13" sc="13" el="13" ec="33" />
                <SequencePoint vc="0" uspid="3" ordinal="2" offset="7" sl="14" sc="13" el="14" ec="21" />
                <SequencePoint vc="0" uspid="4" ordinal="3" offset="14" sl="15" sc="9" el="15" ec="10" />
              </SequencePoints>
              <BranchPoints />
              <MethodPoint xsi:type="SequencePoint" vc="0" uspid="1" ordinal="0" offset="0" sl="12" sc="9" el="12" ec="10" />
            </Method>
            <Method visited="false" cyclomaticComplexity="1" sequenceCoverage="0" branchCoverage="0" isConstructor="true" isStatic="false" isGetter="false" isSetter="false">
              <MetadataToken>100663298</MetadataToken>
              <Name>System.Void Red.PointOfSale.Tests.Commands.LoginTests::.ctor()</Name>
              <SequencePoints />
              <BranchPoints />
              <MethodPoint vc="0" uspid="5" ordinal="0" offset="0" />
            </Method>
          </Methods>
        </Class>
        <Class>
          <FullName>Red.PointOfSale.Tests.Gui.LoginPaneTests</FullName>
          <Methods>
            <Method visited="false" cyclomaticComplexity="2" sequenceCoverage="0" branchCoverage="0" isConstructor="false" isStatic="false" isGetter="false" isSetter="false">
              <MetadataToken>100663299</MetadataToken>
              <Name>System.Void Red.PointOfSale.Tests.Gui.LoginPaneTests::TestMethod()</Name>
              <FileRef uid="2" />
              <SequencePoints>
                <SequencePoint vc="0" uspid="6" ordinal="0" offset="0" sl="13" sc="9" el="13" ec="10" />
                <SequencePoint vc="0" uspid="7" ordinal="1" offset="1" sl="14" sc="13" el="14" ec="37" />
                <SequencePoint vc="0" uspid="8" ordinal="2" offset="7" sl="15" sc="13" el="18" ec="15" />
                <SequencePoint vc="0" uspid="9" ordinal="3" offset="45" sl="20" sc="13" el="20" ec="49" />
                <SequencePoint vc="0" uspid="10" ordinal="4" offset="62" sl="21" sc="9" el="21" ec="10" />
              </SequencePoints>
              <BranchPoints>
                <BranchPoint vc="0" uspid="11" ordinal="0" offset="13" path="0" />
                <BranchPoint vc="0" uspid="12" ordinal="1" offset="13" path="1" />
              </BranchPoints>
              <MethodPoint xsi:type="SequencePoint" vc="0" uspid="6" ordinal="0" offset="0" sl="13" sc="9" el="13" ec="10" />
            </Method>
            <Method visited="false" cyclomaticComplexity="1" sequenceCoverage="0" branchCoverage="0" isConstructor="true" isStatic="false" isGetter="false" isSetter="false">
              <MetadataToken>100663300</MetadataToken>
              <Name>System.Void Red.PointOfSale.Tests.Gui.LoginPaneTests::.ctor()</Name>
              <SequencePoints />
              <BranchPoints />
              <MethodPoint vc="0" uspid="13" ordinal="0" offset="0" />
            </Method>
            <Method visited="false" cyclomaticComplexity="1" sequenceCoverage="0" branchCoverage="0" isConstructor="false" isStatic="true" isGetter="false" isSetter="false">
              <MetadataToken>100663301</MetadataToken>
              <Name>System.Void Red.PointOfSale.Tests.Gui.LoginPaneTests::&lt;TestMethod&gt;b__0(System.Object,Red.PointOfSale.Models.UserEventArgs)</Name>
              <FileRef uid="2" />
              <SequencePoints>
                <SequencePoint vc="0" uspid="14" ordinal="0" offset="0" sl="15" sc="65" el="15" ec="66" />
                <SequencePoint vc="0" uspid="15" ordinal="1" offset="1" sl="16" sc="17" el="16" ec="59" />
                <SequencePoint vc="0" uspid="16" ordinal="2" offset="23" sl="17" sc="17" el="17" ec="62" />
              </SequencePoints>
              <BranchPoints />
              <MethodPoint xsi:type="SequencePoint" vc="0" uspid="14" ordinal="0" offset="0" sl="15" sc="65" el="15" ec="66" />
            </Method>
          </Methods>
        </Class>
        <Class>
          <FullName>Red.PointOfSale.Tests.Gui.SalesReceiptPaneTests</FullName>
          <Methods>
            <Method visited="true" cyclomaticComplexity="1" sequenceCoverage="100" branchCoverage="100" isConstructor="false" isStatic="false" isGetter="false" isSetter="false">
              <MetadataToken>100663302</MetadataToken>
              <Name>System.Void Red.PointOfSale.Tests.Gui.SalesReceiptPaneTests::Setup()</Name>
              <FileRef uid="3" />
              <SequencePoints>
                <SequencePoint vc="3" uspid="17" ordinal="0" offset="0" sl="15" sc="9" el="15" ec="10" />
                <SequencePoint vc="3" uspid="18" ordinal="1" offset="1" sl="16" sc="13" el="16" ec="40" />
                <SequencePoint vc="3" uspid="19" ordinal="2" offset="12" sl="17" sc="9" el="17" ec="10" />
              </SequencePoints>
              <BranchPoints />
              <MethodPoint xsi:type="SequencePoint" vc="3" uspid="17" ordinal="0" offset="0" sl="15" sc="9" el="15" ec="10" />
            </Method>
            <Method visited="true" cyclomaticComplexity="1" sequenceCoverage="100" branchCoverage="100" isConstructor="false" isStatic="false" isGetter="false" isSetter="false">
              <MetadataToken>100663303</MetadataToken>
              <Name>System.Void Red.PointOfSale.Tests.Gui.SalesReceiptPaneTests::TestSearchItem()</Name>
              <FileRef uid="3" />
              <SequencePoints>
                <SequencePoint vc="1" uspid="20" ordinal="0" offset="0" sl="21" sc="9" el="21" ec="10" />
                <SequencePoint vc="1" uspid="21" ordinal="1" offset="1" sl="22" sc="13" el="26" ec="15" />
                <SequencePoint vc="1" uspid="22" ordinal="2" offset="25" sl="27" sc="13" el="27" ec="33" />
                <SequencePoint vc="1" uspid="23" ordinal="3" offset="42" sl="28" sc="9" el="28" ec="10" />
              </SequencePoints>
              <BranchPoints />
              <MethodPoint xsi:type="SequencePoint" vc="1" uspid="20" ordinal="0" offset="0" sl="21" sc="9" el="21" ec="10" />
            </Method>
            <Method visited="true" cyclomaticComplexity="1" sequenceCoverage="100" branchCoverage="100" isConstructor="false" isStatic="false" isGetter="false" isSetter="false">
              <MetadataToken>100663304</MetadataToken>
              <Name>System.Void Red.PointOfSale.Tests.Gui.SalesReceiptPaneTests::TestSearchCustomer()</Name>
              <FileRef uid="3" />
              <SequencePoints>
                <SequencePoint vc="1" uspid="24" ordinal="0" offset="0" sl="32" sc="9" el="32" ec="10" />
                <SequencePoint vc="1" uspid="25" ordinal="1" offset="1" sl="33" sc="13" el="37" ec="15" />
                <SequencePoint vc="1" uspid="26" ordinal="2" offset="25" sl="38" sc="13" el="38" ec="43" />
                <SequencePoint vc="1" uspid="27" ordinal="3" offset="42" sl="39" sc="9" el="39" ec="10" />
              </SequencePoints>
              <BranchPoints />
              <MethodPoint xsi:type="SequencePoint" vc="1" uspid="24" ordinal="0" offset="0" sl="32" sc="9" el="32" ec="10" />
            </Method>
            <Method visited="true" cyclomaticComplexity="2" sequenceCoverage="100" branchCoverage="50" isConstructor="false" isStatic="false" isGetter="false" isSetter="false">
              <MetadataToken>100663305</MetadataToken>
              <Name>System.Void Red.PointOfSale.Tests.Gui.SalesReceiptPaneTests::TestSave()</Name>
              <FileRef uid="3" />
              <SequencePoints>
                <SequencePoint vc="1" uspid="28" ordinal="0" offset="0" sl="43" sc="9" el="43" ec="10" />
                <SequencePoint vc="1" uspid="29" ordinal="1" offset="1" sl="44" sc="13" el="45" ec="15" />
                <SequencePoint vc="1" uspid="30" ordinal="2" offset="44" sl="46" sc="13" el="46" ec="29" />
                <SequencePoint vc="1" uspid="31" ordinal="3" offset="56" sl="47" sc="9" el="47" ec="10" />
              </SequencePoints>
              <BranchPoints>
                <BranchPoint vc="1" uspid="32" ordinal="0" offset="12" path="0" />
                <BranchPoint vc="0" uspid="33" ordinal="1" offset="12" path="1" />
              </BranchPoints>
              <MethodPoint xsi:type="SequencePoint" vc="1" uspid="28" ordinal="0" offset="0" sl="43" sc="9" el="43" ec="10" />
            </Method>
            <Method visited="true" cyclomaticComplexity="1" sequenceCoverage="0" branchCoverage="0" isConstructor="true" isStatic="false" isGetter="false" isSetter="false">
              <MetadataToken>100663306</MetadataToken>
              <Name>System.Void Red.PointOfSale.Tests.Gui.SalesReceiptPaneTests::.ctor()</Name>
              <SequencePoints />
              <BranchPoints />
              <MethodPoint vc="1" uspid="34" ordinal="0" offset="0" />
            </Method>
            <Method visited="true" cyclomaticComplexity="1" sequenceCoverage="100" branchCoverage="100" isConstructor="false" isStatic="false" isGetter="false" isSetter="false">
              <MetadataToken>100663307</MetadataToken>
              <Name>System.Void Red.PointOfSale.Tests.Gui.SalesReceiptPaneTests::&lt;TestSearchItem&gt;b__0(System.Object,Red.PointOfSale.Models.ItemEventArgs)</Name>
              <FileRef uid="3" />
              <SequencePoints>
                <SequencePoint vc="1" uspid="35" ordinal="0" offset="0" sl="22" sc="70" el="22" ec="71" />
                <SequencePoint vc="1" uspid="36" ordinal="1" offset="1" sl="23" sc="17" el="23" ec="53" />
                <SequencePoint vc="1" uspid="37" ordinal="2" offset="23" sl="24" sc="17" el="24" ec="35" />
                <SequencePoint vc="1" uspid="38" ordinal="3" offset="41" sl="25" sc="17" el="25" ec="59" />
              </SequencePoints>
              <BranchPoints />
              <MethodPoint xsi:type="SequencePoint" vc="1" uspid="35" ordinal="0" offset="0" sl="22" sc="70" el="22" ec="71" />
            </Method>
            <Method visited="true" cyclomaticComplexity="1" sequenceCoverage="100" branchCoverage="100" isConstructor="false" isStatic="false" isGetter="false" isSetter="false">
              <MetadataToken>100663308</MetadataToken>
              <Name>System.Void Red.PointOfSale.Tests.Gui.SalesReceiptPaneTests::&lt;TestSearchCustomer&gt;b__1(System.Object,Red.PointOfSale.Models.CustomerEventArgs)</Name>
              <FileRef uid="3" />
              <SequencePoints>
                <SequencePoint vc="1" uspid="39" ordinal="0" offset="0" sl="33" sc="78" el="33" ec="79" />
                <SequencePoint vc="1" uspid="40" ordinal="1" offset="1" sl="34" sc="17" el="34" ec="63" />
                <SequencePoint vc="1" uspid="41" ordinal="2" offset="23" sl="35" sc="17" el="35" ec="49" />
                <SequencePoint vc="1" uspid="42" ordinal="3" offset="46" sl="36" sc="17" el="36" ec="71" />
              </SequencePoints>
              <BranchPoints />
              <MethodPoint xsi:type="SequencePoint" vc="1" uspid="39" ordinal="0" offset="0" sl="33" sc="78" el="33" ec="79" />
            </Method>
            <Method visited="true" cyclomaticComplexity="1" sequenceCoverage="100" branchCoverage="100" isConstructor="false" isStatic="true" isGetter="false" isSetter="false">
              <MetadataToken>100663309</MetadataToken>
              <Name>System.Void Red.PointOfSale.Tests.Gui.SalesReceiptPaneTests::&lt;TestSave&gt;b__2(System.Object,Red.PointOfSale.Models.SalesReceiptEventArgs)</Name>
              <FileRef uid="3" />
              <SequencePoints>
                <SequencePoint vc="1" uspid="43" ordinal="0" offset="0" sl="44" sc="72" el="44" ec="73" />
              </SequencePoints>
              <BranchPoints />
              <MethodPoint xsi:type="SequencePoint" vc="1" uspid="43" ordinal="0" offset="0" sl="44" sc="72" el="44" ec="73" />
            </Method>
          </Methods>
        </Class>
        <Class>
          <FullName>Red.PointOfSale.Tests.MainForm</FullName>
          <Methods>
            <Method visited="false" cyclomaticComplexity="1" sequenceCoverage="0" branchCoverage="0" isConstructor="true" isStatic="false" isGetter="false" isSetter="false">
              <MetadataToken>100663310</MetadataToken>
              <Name>System.Void Red.PointOfSale.Tests.MainForm::.ctor()</Name>
              <FileRef uid="4" />
              <SequencePoints>
                <SequencePoint vc="0" uspid="44" ordinal="0" offset="0" sl="16" sc="9" el="16" ec="68" />
                <SequencePoint vc="0" uspid="45" ordinal="1" offset="7" sl="10" sc="9" el="10" ec="26" />
                <SequencePoint vc="0" uspid="46" ordinal="2" offset="14" sl="11" sc="9" el="11" ec="10" />
                <SequencePoint vc="0" uspid="47" ordinal="3" offset="15" sl="12" sc="13" el="12" ec="35" />
                <SequencePoint vc="0" uspid="48" ordinal="4" offset="22" sl="13" sc="9" el="13" ec="10" />
              </SequencePoints>
              <BranchPoints />
              <MethodPoint xsi:type="SequencePoint" vc="0" uspid="44" ordinal="0" offset="0" sl="16" sc="9" el="16" ec="68" />
            </Method>
            <Method visited="false" cyclomaticComplexity="3" sequenceCoverage="0" branchCoverage="0" isConstructor="false" isStatic="false" isGetter="false" isSetter="false">
              <MetadataToken>100663311</MetadataToken>
              <Name>System.Void Red.PointOfSale.Tests.MainForm::Dispose(System.Boolean)</Name>
              <FileRef uid="4" />
              <SequencePoints>
                <SequencePoint vc="0" uspid="49" ordinal="0" offset="0" sl="23" sc="9" el="23" ec="10" />
                <SequencePoint vc="0" uspid="50" ordinal="1" offset="1" sl="24" sc="13" el="24" ec="27" />
                <SequencePoint vc="0" uspid="51" ordinal="2" offset="9" sl="24" sc="28" el="24" ec="29" />
                <SequencePoint vc="0" uspid="52" ordinal="3" offset="10" sl="25" sc="17" el="25" ec="40" />
                <SequencePoint vc="0" uspid="53" ordinal="4" offset="23" sl="25" sc="41" el="25" ec="42" />
                <SequencePoint vc="0" uspid="54" ordinal="5" offset="24" sl="26" sc="21" el="26" ec="42" />
                <SequencePoint vc="0" uspid="55" ordinal="6" offset="36" sl="27" sc="17" el="27" ec="18" />
                <SequencePoint vc="0" uspid="56" ordinal="7" offset="37" sl="28" sc="13" el="28" ec="14" />
                <SequencePoint vc="0" uspid="57" ordinal="8" offset="38" sl="29" sc="13" el="29" ec="37" />
                <SequencePoint vc="0" uspid="58" ordinal="9" offset="46" sl="30" sc="9" el="30" ec="10" />
              </SequencePoints>
              <BranchPoints>
                <BranchPoint vc="0" uspid="59" ordinal="0" offset="7" path="0" />
                <BranchPoint vc="0" uspid="60" ordinal="1" offset="7" path="1" />
                <BranchPoint vc="0" uspid="61" ordinal="2" offset="21" path="0" />
                <BranchPoint vc="0" uspid="62" ordinal="3" offset="21" path="1" />
              </BranchPoints>
              <MethodPoint xsi:type="SequencePoint" vc="0" uspid="49" ordinal="0" offset="0" sl="23" sc="9" el="23" ec="10" />
            </Method>
            <Method visited="false" cyclomaticComplexity="1" sequenceCoverage="0" branchCoverage="0" isConstructor="false" isStatic="false" isGetter="false" isSetter="false">
              <MetadataToken>100663312</MetadataToken>
              <Name>System.Void Red.PointOfSale.Tests.MainForm::InitializeComponent()</Name>
              <FileRef uid="4" />
              <SequencePoints>
                <SequencePoint vc="0" uspid="63" ordinal="0" offset="0" sl="38" sc="9" el="38" ec="10" />
                <SequencePoint vc="0" uspid="64" ordinal="1" offset="1" sl="42" sc="13" el="42" ec="74" />
                <SequencePoint vc="0" uspid="65" ordinal="2" offset="9" sl="43" sc="13" el="43" ec="49" />
                <SequencePoint vc="0" uspid="66" ordinal="3" offset="21" sl="44" sc="13" el="44" ec="36" />
                <SequencePoint vc="0" uspid="67" ordinal="4" offset="33" sl="45" sc="9" el="45" ec="10" />
              </SequencePoints>
              <BranchPoints />
              <MethodPoint xsi:type="SequencePoint" vc="0" uspid="63" ordinal="0" offset="0" sl="38" sc="9" el="38" ec="10" />
            </Method>
          </Methods>
        </Class>
        <Class>
          <FullName>Red.PointOfSale.Tests.Program</FullName>
          <Methods>
            <Method visited="false" cyclomaticComplexity="1" sequenceCoverage="0" branchCoverage="0" isConstructor="false" isStatic="true" isGetter="false" isSetter="false">
              <MetadataToken>100663313</MetadataToken>
              <Name>System.Void Red.PointOfSale.Tests.Program::Main(System.String[])</Name>
              <FileRef uid="5" />
              <SequencePoints>
                <SequencePoint vc="0" uspid="68" ordinal="0" offset="0" sl="24" sc="9" el="24" ec="10" />
                <SequencePoint vc="0" uspid="69" ordinal="1" offset="1" sl="25" sc="13" el="25" ec="46" />
                <SequencePoint vc="0" uspid="70" ordinal="2" offset="7" sl="26" sc="13" el="26" ec="66" />
                <SequencePoint vc="0" uspid="71" ordinal="3" offset="14" sl="27" sc="13" el="27" ec="45" />
                <SequencePoint vc="0" uspid="72" ordinal="4" offset="25" sl="28" sc="9" el="28" ec="10" />
              </SequencePoints>
              <BranchPoints />
              <MethodPoint xsi:type="SequencePoint" vc="0" uspid="68" ordinal="0" offset="0" sl="24" sc="9" el="24" ec="10" />
            </Method>
            <Method visited="false" cyclomaticComplexity="1" sequenceCoverage="0" branchCoverage="0" isConstructor="true" isStatic="false" isGetter="false" isSetter="false">
              <MetadataToken>100663314</MetadataToken>
              <Name>System.Void Red.PointOfSale.Tests.Program::.ctor()</Name>
              <SequencePoints />
              <BranchPoints />
              <MethodPoint vc="0" uspid="73" ordinal="0" offset="0" />
            </Method>
          </Methods>
        </Class>
        <Class>
          <FullName>Red.PointOfSale.Tests.Repositories.CustomerRepositoryTests</FullName>
          <Methods>
            <Method visited="false" cyclomaticComplexity="1" sequenceCoverage="0" branchCoverage="0" isConstructor="false" isStatic="false" isGetter="false" isSetter="false">
              <MetadataToken>100663315</MetadataToken>
              <Name>System.Void Red.PointOfSale.Tests.Repositories.CustomerRepositoryTests::TestMethod()</Name>
              <FileRef uid="6" />
              <SequencePoints>
                <SequencePoint vc="0" uspid="74" ordinal="0" offset="0" sl="19" sc="9" el="19" ec="10" />
                <SequencePoint vc="0" uspid="75" ordinal="1" offset="1" sl="21" sc="9" el="21" ec="10" />
              </SequencePoints>
              <BranchPoints />
              <MethodPoint xsi:type="SequencePoint" vc="0" uspid="74" ordinal="0" offset="0" sl="19" sc="9" el="19" ec="10" />
            </Method>
            <Method visited="false" cyclomaticComplexity="1" sequenceCoverage="0" branchCoverage="0" isConstructor="true" isStatic="false" isGetter="false" isSetter="false">
              <MetadataToken>100663316</MetadataToken>
              <Name>System.Void Red.PointOfSale.Tests.Repositories.CustomerRepositoryTests::.ctor()</Name>
              <SequencePoints />
              <BranchPoints />
              <MethodPoint vc="0" uspid="76" ordinal="0" offset="0" />
            </Method>
          </Methods>
        </Class>
        <Class>
          <FullName>Red.PointOfSale.Tests.Repositories.ItemRepositoryTests</FullName>
          <Methods>
            <Method visited="false" cyclomaticComplexity="1" sequenceCoverage="0" branchCoverage="0" isConstructor="false" isStatic="false" isGetter="false" isSetter="false">
              <MetadataToken>100663317</MetadataToken>
              <Name>System.Void Red.PointOfSale.Tests.Repositories.ItemRepositoryTests::TestMethod()</Name>
              <FileRef uid="7" />
              <SequencePoints>
                <SequencePoint vc="0" uspid="77" ordinal="0" offset="0" sl="12" sc="9" el="12" ec="10" />
                <SequencePoint vc="0" uspid="78" ordinal="1" offset="1" sl="13" sc="13" el="13" ec="47" />
                <SequencePoint vc="0" uspid="79" ordinal="2" offset="7" sl="14" sc="13" el="14" ec="44" />
                <SequencePoint vc="0" uspid="80" ordinal="3" offset="19" sl="15" sc="9" el="15" ec="10" />
              </SequencePoints>
              <BranchPoints />
              <MethodPoint xsi:type="SequencePoint" vc="0" uspid="77" ordinal="0" offset="0" sl="12" sc="9" el="12" ec="10" />
            </Method>
            <Method visited="false" cyclomaticComplexity="1" sequenceCoverage="0" branchCoverage="0" isConstructor="true" isStatic="false" isGetter="false" isSetter="false">
              <MetadataToken>100663318</MetadataToken>
              <Name>System.Void Red.PointOfSale.Tests.Repositories.ItemRepositoryTests::.ctor()</Name>
              <SequencePoints />
              <BranchPoints />
              <MethodPoint vc="0" uspid="81" ordinal="0" offset="0" />
            </Method>
          </Methods>
        </Class>
      </Classes>
    </Module>
    <Module skippedDueTo="Filter" hash="5F-80-C6-98-F1-4B-6C-9F-33-0E-2A-20-7B-2F-F6-45-6A-63-44-6A">
      <FullName>C:\WINDOWS\Microsoft.Net\assembly\GAC_MSIL\System.Windows.Forms\v4.0_4.0.0.0__b77a5c561934e089\System.Windows.Forms.dll</FullName>
      <ModuleName>System.Windows.Forms</ModuleName>
      <Classes />
    </Module>
    <Module skippedDueTo="Filter" hash="01-60-AF-35-4F-E4-A5-26-23-04-78-BC-02-22-EB-4D-5D-FC-5D-63">
      <FullName>C:\WINDOWS\Microsoft.Net\assembly\GAC_MSIL\System.Drawing\v4.0_4.0.0.0__b03f5f7f11d50a3a\System.Drawing.dll</FullName>
      <ModuleName>System.Drawing</ModuleName>
      <Classes />
    </Module>
    <Module skippedDueTo="MissingPdb" hash="42-83-FE-A6-9F-01-8E-2C-E8-41-E9-25-3E-1E-0D-99-81-76-6B-C9">
      <FullName>C:\Users\Ian\AppData\Local\Temp\nunit20\ShadowCopyCache\29848_637151584872615324\Tests_369998750\assembly\dl3\38d0f9c5\009bba1b_0cdace01\nunit.framework.dll</FullName>
      <ModuleName>nunit.framework</ModuleName>
      <Classes />
    </Module>
    <Module skippedDueTo="Filter" hash="DF-C9-61-37-67-FC-86-B5-19-6B-51-39-78-82-42-F2-94-44-FD-2F">
      <FullName>C:\WINDOWS\Microsoft.Net\assembly\GAC_MSIL\System.Configuration\v4.0_4.0.0.0__b03f5f7f11d50a3a\System.Configuration.dll</FullName>
      <ModuleName>System.Configuration</ModuleName>
      <Classes />
    </Module>
    <Module hash="37-36-1A-14-EC-77-0D-E8-90-36-B4-CA-88-CC-63-F3-73-E6-E5-A1">
      <FullName>C:\Users\Ian\AppData\Local\Temp\nunit20\ShadowCopyCache\29848_637151584872615324\Tests_369998750\assembly\dl3\fc83a65d\96559f6a_a3cfd501\pos.exe</FullName>
      <ModuleName>pos</ModuleName>
      <Files>
        <File uid="15" fullPath="d:\Projects\Red.PointOfSale\Red.PointOfSale\Commands\UserCommands.cs" />
        <File uid="16" fullPath="d:\Projects\Red.PointOfSale\Red.PointOfSale\Controllers\UserController.cs" />
        <File uid="17" fullPath="d:\Projects\Red.PointOfSale\Red.PointOfSale\Gui\ConfigurationPane.cs" />
        <File uid="18" fullPath="d:\Projects\Red.PointOfSale\Red.PointOfSale\Gui\ConfigurationPane.Designer.cs" />
        <File uid="19" fullPath="d:\Projects\Red.PointOfSale\Red.PointOfSale\Gui\DepartmentsPane.Designer.cs" />
        <File uid="20" fullPath="d:\Projects\Red.PointOfSale\Red.PointOfSale\Gui\LoginPane.cs" />
        <File uid="21" fullPath="d:\Projects\Red.PointOfSale\Red.PointOfSale\Gui\LoginPane.Designer.cs" />
        <File uid="22" fullPath="d:\Projects\Red.PointOfSale\Red.PointOfSale\Gui\NumPane.cs" />
        <File uid="23" fullPath="d:\Projects\Red.PointOfSale\Red.PointOfSale\Gui\NumPane.Designer.cs" />
        <File uid="24" fullPath="d:\Projects\Red.PointOfSale\Red.PointOfSale\Gui\PaymentListPane.Designer.cs" />
        <File uid="25" fullPath="d:\Projects\Red.PointOfSale\Red.PointOfSale\Gui\PaymentListPane.cs" />
        <File uid="26" fullPath="d:\Projects\Red.PointOfSale\Red.PointOfSale\Gui\SalesReceiptPane.cs" />
        <File uid="27" fullPath="d:\Projects\Red.PointOfSale\Red.PointOfSale\Gui\SalesReceiptPane.Designer.cs" />
        <File uid="28" fullPath="d:\Projects\Red.PointOfSale\Red.PointOfSale\Helpers\ConvertHelper.cs" />
        <File uid="29" fullPath="d:\Projects\Red.PointOfSale\Red.PointOfSale\Helpers\MessageHelper.cs" />
        <File uid="30" fullPath="d:\Projects\Red.PointOfSale\Red.PointOfSale\MainForm.cs" />
        <File uid="31" fullPath="d:\Projects\Red.PointOfSale\Red.PointOfSale\MainForm.Designer.cs" />
        <File uid="32" fullPath="d:\Projects\Red.PointOfSale\Red.PointOfSale\Models\Customer.cs" />
        <File uid="34" fullPath="d:\Projects\Red.PointOfSale\Red.PointOfSale\Models\Item.cs" />
        <File uid="36" fullPath="d:\Projects\Red.PointOfSale\Red.PointOfSale\Models\SalesReceipt.cs" />
        <File uid="38" fullPath="d:\Projects\Red.PointOfSale\Red.PointOfSale\Models\User.cs" />
        <File uid="40" fullPath="d:\Projects\Red.PointOfSale\Red.PointOfSale\Program.cs" />
        <File uid="42" fullPath="d:\Projects\Red.PointOfSale\Red.PointOfSale\Repositories\MySql\BaseMySqlRepository.cs" />
        <File uid="43" fullPath="d:\Projects\Red.PointOfSale\Red.PointOfSale\Repositories\MySql\MySqlItemRepository.cs" />
        <File uid="44" fullPath="d:\Projects\Red.PointOfSale\Red.PointOfSale\Repositories\SQLite\BaseSQLiteRepository.cs" />
        <File uid="45" fullPath="d:\Projects\Red.PointOfSale\Red.PointOfSale\Repositories\SQLite\SQLiteItemDepartmentRepository.cs" />
        <File uid="46" fullPath="d:\Projects\Red.PointOfSale\Red.PointOfSale\Repositories\SQLite\SQLiteItemRepository.cs" />
        <File uid="47" fullPath="d:\Projects\Red.PointOfSale\Red.PointOfSale\Repositories\SQLite\SQLiteSalesReceiptRepository.cs" />
        <File uid="48" fullPath="d:\Projects\Red.PointOfSale\Red.PointOfSale\Repositories\SQLite\SQLiteUserRepository.cs" />
        <File uid="49" fullPath="d:\Projects\Red.PointOfSale\Red.PointOfSale\Services\SalesReceiptService.cs" />
        <File uid="50" fullPath="d:\Projects\Red.PointOfSale\Red.PointOfSale\Services\Service.cs" />
        <File uid="57" fullPath="d:\Projects\Red.PointOfSale\Red.PointOfSale\Properties\Resources.Designer.cs" />
        <File uid="58" fullPath="d:\Projects\Red.PointOfSale\Red.PointOfSale\Properties\Settings.Designer.cs" />
      </Files>
      <Classes>
        <Class>
          <FullName>&lt;Module&gt;</FullName>
          <Methods />
        </Class>
        <Class>
          <FullName>Red.PointOfSale.Commands.AbstractCommand</FullName>
          <Methods>
            <Method visited="false" cyclomaticComplexity="1" sequenceCoverage="0" branchCoverage="0" isConstructor="true" isStatic="false" isGetter="false" isSetter="false">
              <MetadataToken>100663299</MetadataToken>
              <Name>System.Void Red.PointOfSale.Commands.AbstractCommand::.ctor()</Name>
              <SequencePoints />
              <BranchPoints />
              <MethodPoint vc="0" uspid="82" ordinal="0" offset="0" />
            </Method>
          </Methods>
        </Class>
        <Class>
          <FullName>Red.PointOfSale.Commands.Login</FullName>
          <Methods>
            <Method visited="false" cyclomaticComplexity="1" sequenceCoverage="0" branchCoverage="0" isConstructor="false" isStatic="false" isGetter="false" isSetter="false">
              <MetadataToken>100663300</MetadataToken>
              <Name>System.Void Red.PointOfSale.Commands.Login::Run()</Name>
              <FileRef uid="15" />
              <SequencePoints>
                <SequencePoint vc="0" uspid="83" ordinal="0" offset="0" sl="10" sc="9" el="10" ec="10" />
                <SequencePoint vc="0" uspid="84" ordinal="1" offset="1" sl="11" sc="13" el="11" ec="42" />
                <SequencePoint vc="0" uspid="85" ordinal="2" offset="7" sl="12" sc="13" el="12" ec="51" />
                <SequencePoint vc="0" uspid="86" ordinal="3" offset="24" sl="13" sc="9" el="13" ec="10" />
              </SequencePoints>
              <BranchPoints />
              <MethodPoint xsi:type="SequencePoint" vc="0" uspid="83" ordinal="0" offset="0" sl="10" sc="9" el="10" ec="10" />
            </Method>
            <Method visited="false" cyclomaticComplexity="1" sequenceCoverage="0" branchCoverage="0" isConstructor="true" isStatic="false" isGetter="false" isSetter="false">
              <MetadataToken>100663301</MetadataToken>
              <Name>System.Void Red.PointOfSale.Commands.Login::.ctor()</Name>
              <SequencePoints />
              <BranchPoints />
              <MethodPoint vc="0" uspid="87" ordinal="0" offset="0" />
            </Method>
          </Methods>
        </Class>
        <Class>
          <FullName>Red.PointOfSale.Controllers.UserController</FullName>
          <Methods>
            <Method visited="false" cyclomaticComplexity="1" sequenceCoverage="0" branchCoverage="0" isConstructor="true" isStatic="false" isGetter="false" isSetter="false">
              <MetadataToken>100663302</MetadataToken>
              <Name>System.Void Red.PointOfSale.Controllers.UserController::.ctor()</Name>
              <FileRef uid="16" />
              <SequencePoints>
                <SequencePoint vc="0" uspid="88" ordinal="0" offset="0" sl="13" sc="9" el="13" ec="32" />
                <SequencePoint vc="0" uspid="89" ordinal="1" offset="7" sl="14" sc="9" el="14" ec="10" />
                <SequencePoint vc="0" uspid="90" ordinal="2" offset="8" sl="15" sc="9" el="15" ec="10" />
              </SequencePoints>
              <BranchPoints />
              <MethodPoint xsi:type="SequencePoint" vc="0" uspid="88" ordinal="0" offset="0" sl="13" sc="9" el="13" ec="32" />
            </Method>
            <Method visited="false" cyclomaticComplexity="1" sequenceCoverage="0" branchCoverage="0" isConstructor="false" isStatic="false" isGetter="false" isSetter="false">
              <MetadataToken>100663303</MetadataToken>
              <Name>Red.PointOfSale.Gui.LoginPane Red.PointOfSale.Controllers.UserController::Login()</Name>
              <FileRef uid="16" />
              <SequencePoints>
                <SequencePoint vc="0" uspid="91" ordinal="0" offset="0" sl="18" sc="9" el="18" ec="10" />
                <SequencePoint vc="0" uspid="92" ordinal="1" offset="1" sl="19" sc="13" el="19" ec="37" />
                <SequencePoint vc="0" uspid="93" ordinal="2" offset="7" sl="20" sc="13" el="27" ec="15" />
                <SequencePoint vc="0" uspid="94" ordinal="3" offset="26" sl="28" sc="13" el="28" ec="22" />
                <SequencePoint vc="0" uspid="95" ordinal="4" offset="30" sl="29" sc="9" el="29" ec="10" />
              </SequencePoints>
              <BranchPoints />
              <MethodPoint xsi:type="SequencePoint" vc="0" uspid="91" ordinal="0" offset="0" sl="18" sc="9" el="18" ec="10" />
            </Method>
            <Method visited="false" cyclomaticComplexity="1" sequenceCoverage="0" branchCoverage="0" isConstructor="false" isStatic="false" isGetter="false" isSetter="false">
              <MetadataToken>100663304</MetadataToken>
              <Name>System.Void Red.PointOfSale.Controllers.UserController::Logout()</Name>
              <FileRef uid="16" />
              <SequencePoints>
                <SequencePoint vc="0" uspid="96" ordinal="0" offset="0" sl="32" sc="9" el="32" ec="10" />
                <SequencePoint vc="0" uspid="97" ordinal="1" offset="1" sl="33" sc="13" el="33" ec="57" />
                <SequencePoint vc="0" uspid="98" ordinal="2" offset="17" sl="34" sc="9" el="34" ec="10" />
              </SequencePoints>
              <BranchPoints />
              <MethodPoint xsi:type="SequencePoint" vc="0" uspid="96" ordinal="0" offset="0" sl="32" sc="9" el="32" ec="10" />
            </Method>
            <Method visited="false" cyclomaticComplexity="2" sequenceCoverage="0" branchCoverage="0" isConstructor="false" isStatic="false" isGetter="false" isSetter="false">
              <MetadataToken>100663305</MetadataToken>
              <Name>System.Void Red.PointOfSale.Controllers.UserController::&lt;Login&gt;b__0(System.Object,Red.PointOfSale.Models.UserEventArgs)</Name>
              <FileRef uid="16" />
              <SequencePoints>
                <SequencePoint vc="0" uspid="99" ordinal="0" offset="0" sl="20" sc="65" el="20" ec="66" />
                <SequencePoint vc="0" uspid="100" ordinal="1" offset="1" sl="21" sc="17" el="21" ec="97" />
                <SequencePoint vc="0" uspid="101" ordinal="2" offset="35" sl="22" sc="17" el="22" ec="34" />
                <SequencePoint vc="0" uspid="102" ordinal="3" offset="43" sl="22" sc="35" el="22" ec="36" />
                <SequencePoint vc="0" uspid="103" ordinal="4" offset="44" sl="24" sc="17" el="24" ec="18" />
                <SequencePoint vc="0" uspid="104" ordinal="5" offset="47" sl="24" sc="24" el="24" ec="25" />
                <SequencePoint vc="0" uspid="105" ordinal="6" offset="48" sl="25" sc="21" el="25" ec="102" />
                <SequencePoint vc="0" uspid="106" ordinal="7" offset="59" sl="26" sc="17" el="26" ec="18" />
              </SequencePoints>
              <BranchPoints>
                <BranchPoint vc="0" uspid="107" ordinal="0" offset="41" path="0" />
                <BranchPoint vc="0" uspid="108" ordinal="1" offset="41" path="1" />
              </BranchPoints>
              <MethodPoint xsi:type="SequencePoint" vc="0" uspid="99" ordinal="0" offset="0" sl="20" sc="65" el="20" ec="66" />
            </Method>
          </Methods>
        </Class>
        <Class>
          <FullName>Red.PointOfSale.Gui.ConfigurationPane</FullName>
          <Methods>
            <Method visited="false" cyclomaticComplexity="1" sequenceCoverage="0" branchCoverage="0" isConstructor="true" isStatic="false" isGetter="false" isSetter="false">
              <MetadataToken>100663306</MetadataToken>
              <Name>System.Void Red.PointOfSale.Gui.ConfigurationPane::.ctor()</Name>
              <FileRef uid="17" />
              <SequencePoints>
                <SequencePoint vc="0" uspid="109" ordinal="0" offset="0" sl="26" sc="9" el="26" ec="68" />
                <SequencePoint vc="0" uspid="110" ordinal="1" offset="11" sl="37" sc="9" el="37" ec="148" />
                <SequencePoint vc="0" uspid="111" ordinal="2" offset="52" sl="8" sc="9" el="8" ec="68" />
                <SequencePoint vc="0" uspid="112" ordinal="3" offset="59" sl="19" sc="9" el="19" ec="35" />
                <SequencePoint vc="0" uspid="113" ordinal="4" offset="66" sl="20" sc="9" el="20" ec="10" />
                <SequencePoint vc="0" uspid="114" ordinal="5" offset="67" sl="21" sc="13" el="21" ec="35" />
                <SequencePoint vc="0" uspid="115" ordinal="6" offset="74" sl="23" sc="13" el="23" ec="66" />
                <SequencePoint vc="0" uspid="116" ordinal="7" offset="98" sl="24" sc="9" el="24" ec="10" />
              </SequencePoints>
              <BranchPoints />
              <MethodPoint xsi:type="SequencePoint" vc="0" uspid="109" ordinal="0" offset="0" sl="26" sc="9" el="26" ec="68" />
            </Method>
            <Method visited="false" cyclomaticComplexity="3" sequenceCoverage="0" branchCoverage="0" isConstructor="false" isStatic="false" isGetter="false" isSetter="false">
              <MetadataToken>100663307</MetadataToken>
              <Name>System.Void Red.PointOfSale.Gui.ConfigurationPane::Service_ResponseReceived(System.Object,Red.PointOfSale.Services.ResponseEventArgs)</Name>
              <FileRef uid="17" />
              <SequencePoints>
                <SequencePoint vc="0" uspid="117" ordinal="0" offset="0" sl="29" sc="9" el="29" ec="10" />
                <SequencePoint vc="0" uspid="118" ordinal="1" offset="1" sl="30" sc="13" el="30" ec="47" />
                <SequencePoint vc="0" uspid="119" ordinal="2" offset="27" sl="30" sc="48" el="30" ec="49" />
                <SequencePoint vc="0" uspid="120" ordinal="3" offset="28" sl="31" sc="17" el="31" ec="24" />
                <SequencePoint vc="0" uspid="121" ordinal="4" offset="29" sl="31" sc="35" el="31" ec="64" />
                <SequencePoint vc="0" uspid="122" ordinal="5" offset="53" sl="31" sc="26" el="31" ec="31" />
                <SequencePoint vc="0" uspid="123" ordinal="6" offset="61" sl="31" sc="66" el="31" ec="67" />
                <SequencePoint vc="0" uspid="124" ordinal="7" offset="62" sl="32" sc="21" el="32" ec="46" />
                <SequencePoint vc="0" uspid="125" ordinal="8" offset="75" sl="33" sc="17" el="33" ec="18" />
                <SequencePoint vc="0" uspid="126" ordinal="9" offset="76" sl="31" sc="32" el="31" ec="34" />
                <SequencePoint vc="0" uspid="127" ordinal="10" offset="105" sl="34" sc="13" el="34" ec="14" />
                <SequencePoint vc="0" uspid="128" ordinal="11" offset="106" sl="35" sc="9" el="35" ec="10" />
              </SequencePoints>
              <BranchPoints>
                <BranchPoint vc="0" uspid="129" ordinal="0" offset="25" path="0" />
                <BranchPoint vc="0" uspid="130" ordinal="1" offset="25" path="1" />
                <BranchPoint vc="0" uspid="131" ordinal="2" offset="85" path="0" />
                <BranchPoint vc="0" uspid="132" ordinal="3" offset="85" path="1" />
              </BranchPoints>
              <MethodPoint xsi:type="SequencePoint" vc="0" uspid="117" ordinal="0" offset="0" sl="29" sc="9" el="29" ec="10" />
            </Method>
            <Method visited="false" cyclomaticComplexity="1" sequenceCoverage="0" branchCoverage="0" isConstructor="false" isStatic="false" isGetter="false" isSetter="false">
              <MetadataToken>100663308</MetadataToken>
              <Name>System.Void Red.PointOfSale.Gui.ConfigurationPane::button1_Click(System.Object,System.EventArgs)</Name>
              <FileRef uid="17" />
              <SequencePoints>
                <SequencePoint vc="0" uspid="133" ordinal="0" offset="0" sl="40" sc="9" el="40" ec="10" />
                <SequencePoint vc="0" uspid="134" ordinal="1" offset="1" sl="41" sc="13" el="41" ec="33" />
                <SequencePoint vc="0" uspid="135" ordinal="2" offset="13" sl="42" sc="9" el="42" ec="10" />
              </SequencePoints>
              <BranchPoints />
              <MethodPoint xsi:type="SequencePoint" vc="0" uspid="133" ordinal="0" offset="0" sl="40" sc="9" el="40" ec="10" />
            </Method>
            <Method visited="false" cyclomaticComplexity="3" sequenceCoverage="0" branchCoverage="0" isConstructor="false" isStatic="false" isGetter="false" isSetter="false">
              <MetadataToken>100663309</MetadataToken>
              <Name>System.Void Red.PointOfSale.Gui.ConfigurationPane::Dispose(System.Boolean)</Name>
              <FileRef uid="18" />
              <SequencePoints>
                <SequencePoint vc="0" uspid="136" ordinal="0" offset="0" sl="15" sc="9" el="15" ec="10" />
                <SequencePoint vc="0" uspid="137" ordinal="1" offset="1" sl="16" sc="13" el="16" ec="51" />
                <SequencePoint vc="0" uspid="138" ordinal="2" offset="21" sl="16" sc="52" el="16" ec="53" />
                <SequencePoint vc="0" uspid="139" ordinal="3" offset="22" sl="17" sc="17" el="17" ec="38" />
                <SequencePoint vc="0" uspid="140" ordinal="4" offset="34" sl="18" sc="13" el="18" ec="14" />
                <SequencePoint vc="0" uspid="141" ordinal="5" offset="35" sl="19" sc="13" el="19" ec="37" />
                <SequencePoint vc="0" uspid="142" ordinal="6" offset="43" sl="20" sc="9" el="20" ec="10" />
              </SequencePoints>
              <BranchPoints>
                <BranchPoint vc="0" uspid="143" ordinal="0" offset="2" path="0" />
                <BranchPoint vc="0" uspid="144" ordinal="1" offset="2" path="1" />
                <BranchPoint vc="0" uspid="145" ordinal="2" offset="19" path="0" />
                <BranchPoint vc="0" uspid="146" ordinal="3" offset="19" path="1" />
              </BranchPoints>
              <MethodPoint xsi:type="SequencePoint" vc="0" uspid="136" ordinal="0" offset="0" sl="15" sc="9" el="15" ec="10" />
            </Method>
            <Method visited="false" cyclomaticComplexity="1" sequenceCoverage="0" branchCoverage="0" isConstructor="false" isStatic="false" isGetter="false" isSetter="false">
              <MetadataToken>100663310</MetadataToken>
              <Name>System.Void Red.PointOfSale.Gui.ConfigurationPane::InitializeComponent()</Name>
              <FileRef uid="18" />
              <SequencePoints>
                <SequencePoint vc="0" uspid="147" ordinal="0" offset="0" sl="29" sc="9" el="29" ec="10" />
                <SequencePoint vc="0" uspid="148" ordinal="1" offset="1" sl="30" sc="13" el="30" ec="62" />
                <SequencePoint vc="0" uspid="149" ordinal="2" offset="12" sl="31" sc="13" el="31" ec="34" />
                <SequencePoint vc="0" uspid="150" ordinal="3" offset="19" sl="35" sc="13" el="35" ec="71" />
                <SequencePoint vc="0" uspid="151" ordinal="4" offset="43" sl="36" sc="13" el="36" ec="43" />
                <SequencePoint vc="0" uspid="152" ordinal="5" offset="60" sl="37" sc="13" el="37" ec="65" />
                <SequencePoint vc="0" uspid="153" ordinal="6" offset="81" sl="38" sc="13" el="38" ec="39" />
                <SequencePoint vc="0" uspid="154" ordinal="7" offset="94" sl="39" sc="13" el="39" ec="40" />
                <SequencePoint vc="0" uspid="155" ordinal="8" offset="111" sl="40" sc="13" el="40" ec="57" />
                <SequencePoint vc="0" uspid="156" ordinal="9" offset="124" sl="41" sc="13" el="41" ec="79" />
                <SequencePoint vc="0" uspid="157" ordinal="10" offset="148" sl="45" sc="13" el="45" ec="74" />
                <SequencePoint vc="0" uspid="158" ordinal="11" offset="170" sl="46" sc="13" el="46" ec="74" />
                <SequencePoint vc="0" uspid="159" ordinal="12" offset="178" sl="47" sc="13" el="47" ec="45" />
                <SequencePoint vc="0" uspid="160" ordinal="13" offset="196" sl="48" sc="13" el="48" ec="45" />
                <SequencePoint vc="0" uspid="161" ordinal="14" offset="208" sl="49" sc="13" el="49" ec="59" />
                <SequencePoint vc="0" uspid="162" ordinal="15" offset="230" sl="50" sc="13" el="50" ec="38" />
                <SequencePoint vc="0" uspid="163" ordinal="16" offset="238" sl="52" sc="9" el="52" ec="10" />
              </SequencePoints>
              <BranchPoints />
              <MethodPoint xsi:type="SequencePoint" vc="0" uspid="147" ordinal="0" offset="0" sl="29" sc="9" el="29" ec="10" />
            </Method>
          </Methods>
        </Class>
        <Class>
          <FullName>Red.PointOfSale.Gui.DepartmentsPane</FullName>
          <Methods>
            <Method visited="false" cyclomaticComplexity="1" sequenceCoverage="0" branchCoverage="0" isConstructor="true" isStatic="false" isGetter="false" isSetter="false">
              <MetadataToken>100663311</MetadataToken>
              <Name>System.Void Red.PointOfSale.Gui.DepartmentsPane::.ctor()</Name>
              <FileRef uid="19" />
              <SequencePoints>
                <SequencePoint vc="0" uspid="164" ordinal="0" offset="0" sl="8" sc="9" el="8" ec="68" />
                <SequencePoint vc="0" uspid="165" ordinal="1" offset="7" sl="15" sc="9" el="15" ec="33" />
                <SequencePoint vc="0" uspid="166" ordinal="2" offset="14" sl="16" sc="9" el="16" ec="10" />
                <SequencePoint vc="0" uspid="167" ordinal="3" offset="15" sl="17" sc="13" el="17" ec="35" />
                <SequencePoint vc="0" uspid="168" ordinal="4" offset="22" sl="18" sc="9" el="18" ec="10" />
              </SequencePoints>
              <BranchPoints />
              <MethodPoint xsi:type="SequencePoint" vc="0" uspid="164" ordinal="0" offset="0" sl="8" sc="9" el="8" ec="68" />
            </Method>
            <Method visited="false" cyclomaticComplexity="3" sequenceCoverage="0" branchCoverage="0" isConstructor="false" isStatic="false" isGetter="false" isSetter="false">
              <MetadataToken>100663312</MetadataToken>
              <Name>System.Void Red.PointOfSale.Gui.DepartmentsPane::Dispose(System.Boolean)</Name>
              <FileRef uid="19" />
              <SequencePoints>
                <SequencePoint vc="0" uspid="169" ordinal="0" offset="0" sl="15" sc="9" el="15" ec="10" />
                <SequencePoint vc="0" uspid="170" ordinal="1" offset="1" sl="16" sc="13" el="16" ec="51" />
                <SequencePoint vc="0" uspid="171" ordinal="2" offset="21" sl="16" sc="52" el="16" ec="53" />
                <SequencePoint vc="0" uspid="172" ordinal="3" offset="22" sl="17" sc="17" el="17" ec="38" />
                <SequencePoint vc="0" uspid="173" ordinal="4" offset="34" sl="18" sc="13" el="18" ec="14" />
                <SequencePoint vc="0" uspid="174" ordinal="5" offset="35" sl="19" sc="13" el="19" ec="37" />
                <SequencePoint vc="0" uspid="175" ordinal="6" offset="43" sl="20" sc="9" el="20" ec="10" />
              </SequencePoints>
              <BranchPoints>
                <BranchPoint vc="0" uspid="176" ordinal="0" offset="2" path="0" />
                <BranchPoint vc="0" uspid="177" ordinal="1" offset="2" path="1" />
                <BranchPoint vc="0" uspid="178" ordinal="2" offset="19" path="0" />
                <BranchPoint vc="0" uspid="179" ordinal="3" offset="19" path="1" />
              </BranchPoints>
              <MethodPoint xsi:type="SequencePoint" vc="0" uspid="169" ordinal="0" offset="0" sl="15" sc="9" el="15" ec="10" />
            </Method>
            <Method visited="false" cyclomaticComplexity="1" sequenceCoverage="0" branchCoverage="0" isConstructor="false" isStatic="false" isGetter="false" isSetter="false">
              <MetadataToken>100663313</MetadataToken>
              <Name>System.Void Red.PointOfSale.Gui.DepartmentsPane::InitializeComponent()</Name>
              <FileRef uid="19" />
              <SequencePoints>
                <SequencePoint vc="0" uspid="180" ordinal="0" offset="0" sl="29" sc="9" el="29" ec="10" />
                <SequencePoint vc="0" uspid="181" ordinal="1" offset="1" sl="30" sc="13" el="30" ec="34" />
                <SequencePoint vc="0" uspid="182" ordinal="2" offset="8" sl="34" sc="13" el="34" ec="74" />
                <SequencePoint vc="0" uspid="183" ordinal="3" offset="30" sl="35" sc="13" el="35" ec="74" />
                <SequencePoint vc="0" uspid="184" ordinal="4" offset="38" sl="36" sc="13" el="36" ec="43" />
                <SequencePoint vc="0" uspid="185" ordinal="5" offset="50" sl="37" sc="13" el="37" ec="60" />
                <SequencePoint vc="0" uspid="186" ordinal="6" offset="72" sl="38" sc="13" el="38" ec="38" />
                <SequencePoint vc="0" uspid="187" ordinal="7" offset="80" sl="40" sc="9" el="40" ec="10" />
              </SequencePoints>
              <BranchPoints />
              <MethodPoint xsi:type="SequencePoint" vc="0" uspid="180" ordinal="0" offset="0" sl="29" sc="9" el="29" ec="10" />
            </Method>
          </Methods>
        </Class>
        <Class>
          <FullName>Red.PointOfSale.Gui.LoginPane</FullName>
          <Methods>
            <Method visited="false" cyclomaticComplexity="3" sequenceCoverage="0" branchCoverage="0" isConstructor="true" isStatic="false" isGetter="false" isSetter="false">
              <MetadataToken>100663314</MetadataToken>
              <Name>System.Void Red.PointOfSale.Gui.LoginPane::.ctor()</Name>
              <FileRef uid="20" />
              <SequencePoints>
                <SequencePoint vc="0" uspid="188" ordinal="0" offset="4" sl="52" sc="9" el="52" ec="46" />
                <SequencePoint vc="0" uspid="189" ordinal="1" offset="15" sl="53" sc="9" el="53" ec="50" />
                <SequencePoint vc="0" uspid="190" ordinal="2" offset="27" sl="8" sc="9" el="8" ec="68" />
                <SequencePoint vc="0" uspid="191" ordinal="3" offset="34" sl="16" sc="9" el="16" ec="27" />
                <SequencePoint vc="0" uspid="192" ordinal="4" offset="41" sl="17" sc="9" el="17" ec="10" />
                <SequencePoint vc="0" uspid="193" ordinal="5" offset="42" sl="18" sc="13" el="18" ec="35" />
                <SequencePoint vc="0" uspid="194" ordinal="6" offset="49" sl="20" sc="13" el="22" ec="15" />
                <SequencePoint vc="0" uspid="195" ordinal="7" offset="80" sl="23" sc="13" el="25" ec="15" />
                <SequencePoint vc="0" uspid="196" ordinal="8" offset="111" sl="27" sc="13" el="27" ec="36" />
                <SequencePoint vc="0" uspid="197" ordinal="9" offset="124" sl="28" sc="9" el="28" ec="10" />
              </SequencePoints>
              <BranchPoints>
                <BranchPoint vc="0" uspid="199" ordinal="0" offset="56" path="0" />
                <BranchPoint vc="0" uspid="200" ordinal="1" offset="56" path="1" />
                <BranchPoint vc="0" uspid="201" ordinal="2" offset="87" path="0" />
                <BranchPoint vc="0" uspid="202" ordinal="3" offset="87" path="1" />
              </BranchPoints>
              <MethodPoint vc="0" uspid="198" ordinal="0" offset="0" />
            </Method>
            <Method visited="false" cyclomaticComplexity="1" sequenceCoverage="0" branchCoverage="0" isConstructor="false" isStatic="false" isGetter="false" isSetter="false">
              <MetadataToken>100663315</MetadataToken>
              <Name>System.Void Red.PointOfSale.Gui.LoginPane::PerformLogin(System.String,System.String)</Name>
              <FileRef uid="20" />
              <SequencePoints>
                <SequencePoint vc="0" uspid="203" ordinal="0" offset="0" sl="31" sc="9" el="31" ec="10" />
                <SequencePoint vc="0" uspid="204" ordinal="1" offset="1" sl="32" sc="13" el="32" ec="46" />
                <SequencePoint vc="0" uspid="205" ordinal="2" offset="14" sl="33" sc="13" el="33" ec="46" />
                <SequencePoint vc="0" uspid="206" ordinal="3" offset="27" sl="34" sc="9" el="34" ec="10" />
              </SequencePoints>
              <BranchPoints />
              <MethodPoint xsi:type="SequencePoint" vc="0" uspid="203" ordinal="0" offset="0" sl="31" sc="9" el="31" ec="10" />
            </Method>
            <Method visited="false" cyclomaticComplexity="2" sequenceCoverage="0" branchCoverage="0" isConstructor="false" isStatic="false" isGetter="false" isSetter="false">
              <MetadataToken>100663316</MetadataToken>
              <Name>System.Void Red.PointOfSale.Gui.LoginPane::add_Login(System.EventHandler`1&lt;Red.PointOfSale.Models.UserEventArgs&gt;)</Name>
              <SequencePoints />
              <BranchPoints>
                <BranchPoint vc="0" uspid="208" ordinal="0" offset="45" path="0" />
                <BranchPoint vc="0" uspid="209" ordinal="1" offset="45" path="1" />
              </BranchPoints>
              <MethodPoint vc="0" uspid="207" ordinal="0" offset="0" />
            </Method>
            <Method visited="false" cyclomaticComplexity="2" sequenceCoverage="0" branchCoverage="0" isConstructor="false" isStatic="false" isGetter="false" isSetter="false">
              <MetadataToken>100663317</MetadataToken>
              <Name>System.Void Red.PointOfSale.Gui.LoginPane::remove_Login(System.EventHandler`1&lt;Red.PointOfSale.Models.UserEventArgs&gt;)</Name>
              <SequencePoints />
              <BranchPoints>
                <BranchPoint vc="0" uspid="211" ordinal="0" offset="45" path="0" />
                <BranchPoint vc="0" uspid="212" ordinal="1" offset="45" path="1" />
              </BranchPoints>
              <MethodPoint vc="0" uspid="210" ordinal="0" offset="0" />
            </Method>
            <Method visited="false" cyclomaticComplexity="2" sequenceCoverage="0" branchCoverage="0" isConstructor="false" isStatic="false" isGetter="false" isSetter="false">
              <MetadataToken>100663318</MetadataToken>
              <Name>System.Void Red.PointOfSale.Gui.LoginPane::OnLogin(Red.PointOfSale.Models.UserEventArgs)</Name>
              <FileRef uid="20" />
              <SequencePoints>
                <SequencePoint vc="0" uspid="213" ordinal="0" offset="0" sl="39" sc="9" el="39" ec="10" />
                <SequencePoint vc="0" uspid="214" ordinal="1" offset="1" sl="40" sc="13" el="40" ec="31" />
                <SequencePoint vc="0" uspid="215" ordinal="2" offset="14" sl="40" sc="32" el="40" ec="33" />
                <SequencePoint vc="0" uspid="216" ordinal="3" offset="15" sl="41" sc="17" el="41" ec="32" />
                <SequencePoint vc="0" uspid="217" ordinal="4" offset="29" sl="42" sc="13" el="42" ec="14" />
                <SequencePoint vc="0" uspid="218" ordinal="5" offset="30" sl="43" sc="9" el="43" ec="10" />
              </SequencePoints>
              <BranchPoints>
                <BranchPoint vc="0" uspid="219" ordinal="0" offset="12" path="0" />
                <BranchPoint vc="0" uspid="220" ordinal="1" offset="12" path="1" />
              </BranchPoints>
              <MethodPoint xsi:type="SequencePoint" vc="0" uspid="213" ordinal="0" offset="0" sl="39" sc="9" el="39" ec="10" />
            </Method>
            <Method visited="false" cyclomaticComplexity="1" sequenceCoverage="0" branchCoverage="0" isConstructor="false" isStatic="false" isGetter="false" isSetter="false">
              <MetadataToken>100663319</MetadataToken>
              <Name>System.Void Red.PointOfSale.Gui.LoginPane::AddChild(System.Windows.Forms.Control)</Name>
              <FileRef uid="20" />
              <SequencePoints>
                <SequencePoint vc="0" uspid="221" ordinal="0" offset="0" sl="46" sc="9" el="46" ec="10" />
                <SequencePoint vc="0" uspid="222" ordinal="1" offset="1" sl="47" sc="13" el="47" ec="37" />
                <SequencePoint vc="0" uspid="223" ordinal="2" offset="18" sl="48" sc="13" el="48" ec="43" />
                <SequencePoint vc="0" uspid="224" ordinal="3" offset="26" sl="49" sc="13" el="49" ec="42" />
                <SequencePoint vc="0" uspid="225" ordinal="4" offset="44" sl="50" sc="9" el="50" ec="10" />
              </SequencePoints>
              <BranchPoints />
              <MethodPoint xsi:type="SequencePoint" vc="0" uspid="221" ordinal="0" offset="0" sl="46" sc="9" el="46" ec="10" />
            </Method>
            <Method visited="false" cyclomaticComplexity="3" sequenceCoverage="0" branchCoverage="0" isConstructor="false" isStatic="false" isGetter="false" isSetter="false">
              <MetadataToken>100663320</MetadataToken>
              <Name>System.Void Red.PointOfSale.Gui.LoginPane::Dispose(System.Boolean)</Name>
              <FileRef uid="21" />
              <SequencePoints>
                <SequencePoint vc="0" uspid="226" ordinal="0" offset="0" sl="15" sc="9" el="15" ec="10" />
                <SequencePoint vc="0" uspid="227" ordinal="1" offset="1" sl="16" sc="13" el="16" ec="51" />
                <SequencePoint vc="0" uspid="228" ordinal="2" offset="21" sl="16" sc="52" el="16" ec="53" />
                <SequencePoint vc="0" uspid="229" ordinal="3" offset="22" sl="17" sc="17" el="17" ec="38" />
                <SequencePoint vc="0" uspid="230" ordinal="4" offset="34" sl="18" sc="13" el="18" ec="14" />
                <SequencePoint vc="0" uspid="231" ordinal="5" offset="35" sl="19" sc="13" el="19" ec="37" />
                <SequencePoint vc="0" uspid="232" ordinal="6" offset="43" sl="20" sc="9" el="20" ec="10" />
              </SequencePoints>
              <BranchPoints>
                <BranchPoint vc="0" uspid="233" ordinal="0" offset="2" path="0" />
                <BranchPoint vc="0" uspid="234" ordinal="1" offset="2" path="1" />
                <BranchPoint vc="0" uspid="235" ordinal="2" offset="19" path="0" />
                <BranchPoint vc="0" uspid="236" ordinal="3" offset="19" path="1" />
              </BranchPoints>
              <MethodPoint xsi:type="SequencePoint" vc="0" uspid="226" ordinal="0" offset="0" sl="15" sc="9" el="15" ec="10" />
            </Method>
            <Method visited="false" cyclomaticComplexity="1" sequenceCoverage="0" branchCoverage="0" isConstructor="false" isStatic="false" isGetter="false" isSetter="false">
              <MetadataToken>100663321</MetadataToken>
              <Name>System.Void Red.PointOfSale.Gui.LoginPane::InitializeComponent()</Name>
              <FileRef uid="21" />
              <SequencePoints>
                <SequencePoint vc="0" uspid="237" ordinal="0" offset="0" sl="29" sc="9" el="29" ec="10" />
                <SequencePoint vc="0" uspid="238" ordinal="1" offset="1" sl="30" sc="13" el="30" ec="60" />
                <SequencePoint vc="0" uspid="239" ordinal="2" offset="12" sl="31" sc="13" el="31" ec="34" />
                <SequencePoint vc="0" uspid="240" ordinal="3" offset="19" sl="35" sc="13" el="35" ec="71" />
                <SequencePoint vc="0" uspid="241" ordinal="4" offset="43" sl="36" sc="13" el="36" ec="41" />
                <SequencePoint vc="0" uspid="242" ordinal="5" offset="60" sl="37" sc="13" el="37" ec="66" />
                <SequencePoint vc="0" uspid="243" ordinal="6" offset="87" sl="38" sc="13" el="38" ec="38" />
                <SequencePoint vc="0" uspid="244" ordinal="7" offset="100" sl="42" sc="13" el="42" ec="74" />
                <SequencePoint vc="0" uspid="245" ordinal="8" offset="122" sl="43" sc="13" el="43" ec="74" />
                <SequencePoint vc="0" uspid="246" ordinal="9" offset="130" sl="44" sc="13" el="44" ec="44" />
                <SequencePoint vc="0" uspid="247" ordinal="10" offset="148" sl="45" sc="13" el="45" ec="37" />
                <SequencePoint vc="0" uspid="248" ordinal="11" offset="160" sl="46" sc="13" el="46" ec="60" />
                <SequencePoint vc="0" uspid="249" ordinal="12" offset="182" sl="47" sc="13" el="47" ec="38" />
                <SequencePoint vc="0" uspid="250" ordinal="13" offset="190" sl="49" sc="9" el="49" ec="10" />
              </SequencePoints>
              <BranchPoints />
              <MethodPoint xsi:type="SequencePoint" vc="0" uspid="237" ordinal="0" offset="0" sl="29" sc="9" el="29" ec="10" />
            </Method>
            <Method visited="false" cyclomaticComplexity="1" sequenceCoverage="0" branchCoverage="0" isConstructor="false" isStatic="false" isGetter="false" isSetter="false">
              <MetadataToken>100663322</MetadataToken>
              <Name>System.Void Red.PointOfSale.Gui.LoginPane::&lt;.ctor&gt;b__0(System.Object,System.EventArgs)</Name>
              <FileRef uid="20" />
              <SequencePoints>
                <SequencePoint vc="0" uspid="251" ordinal="0" offset="0" sl="20" sc="70" el="20" ec="71" />
                <SequencePoint vc="0" uspid="252" ordinal="1" offset="1" sl="21" sc="17" el="21" ec="40" />
              </SequencePoints>
              <BranchPoints />
              <MethodPoint xsi:type="SequencePoint" vc="0" uspid="251" ordinal="0" offset="0" sl="20" sc="70" el="20" ec="71" />
            </Method>
            <Method visited="false" cyclomaticComplexity="1" sequenceCoverage="0" branchCoverage="0" isConstructor="false" isStatic="false" isGetter="false" isSetter="false">
              <MetadataToken>100663323</MetadataToken>
              <Name>System.Void Red.PointOfSale.Gui.LoginPane::&lt;.ctor&gt;b__1(System.Object,System.EventArgs)</Name>
              <FileRef uid="20" />
              <SequencePoints>
                <SequencePoint vc="0" uspid="253" ordinal="0" offset="0" sl="23" sc="70" el="23" ec="71" />
                <SequencePoint vc="0" uspid="254" ordinal="1" offset="1" sl="24" sc="17" el="24" ec="94" />
              </SequencePoints>
              <BranchPoints />
              <MethodPoint xsi:type="SequencePoint" vc="0" uspid="253" ordinal="0" offset="0" sl="23" sc="70" el="23" ec="71" />
            </Method>
          </Methods>
        </Class>
        <Class>
          <FullName>Red.PointOfSale.Gui.NumPane</FullName>
          <Methods>
            <Method visited="false" cyclomaticComplexity="1" sequenceCoverage="0" branchCoverage="0" isConstructor="false" isStatic="false" isGetter="true" isSetter="false">
              <MetadataToken>100663325</MetadataToken>
              <Name>System.String Red.PointOfSale.Gui.NumPane::get_Value()</Name>
              <FileRef uid="22" />
              <SequencePoints>
                <SequencePoint vc="0" uspid="255" ordinal="0" offset="0" sl="20" sc="17" el="20" ec="18" />
                <SequencePoint vc="0" uspid="256" ordinal="1" offset="1" sl="20" sc="19" el="20" ec="40" />
                <SequencePoint vc="0" uspid="257" ordinal="2" offset="15" sl="20" sc="42" el="20" ec="43" />
              </SequencePoints>
              <BranchPoints />
              <MethodPoint xsi:type="SequencePoint" vc="0" uspid="255" ordinal="0" offset="0" sl="20" sc="17" el="20" ec="18" />
            </Method>
            <Method visited="false" cyclomaticComplexity="2" sequenceCoverage="0" branchCoverage="0" isConstructor="false" isStatic="false" isGetter="false" isSetter="true">
              <MetadataToken>100663328</MetadataToken>
              <Name>System.Void Red.PointOfSale.Gui.NumPane::set_IsPassword(System.Boolean)</Name>
              <FileRef uid="22" />
              <SequencePoints>
                <SequencePoint vc="0" uspid="258" ordinal="0" offset="0" sl="36" sc="17" el="36" ec="18" />
                <SequencePoint vc="0" uspid="259" ordinal="1" offset="1" sl="37" sc="17" el="37" ec="27" />
                <SequencePoint vc="0" uspid="260" ordinal="2" offset="9" sl="37" sc="28" el="37" ec="29" />
                <SequencePoint vc="0" uspid="261" ordinal="3" offset="10" sl="38" sc="21" el="38" ec="49" />
                <SequencePoint vc="0" uspid="262" ordinal="4" offset="24" sl="39" sc="17" el="39" ec="18" />
                <SequencePoint vc="0" uspid="263" ordinal="5" offset="25" sl="40" sc="13" el="40" ec="14" />
              </SequencePoints>
              <BranchPoints>
                <BranchPoint vc="0" uspid="264" ordinal="0" offset="7" path="0" />
                <BranchPoint vc="0" uspid="265" ordinal="1" offset="7" path="1" />
              </BranchPoints>
              <MethodPoint xsi:type="SequencePoint" vc="0" uspid="258" ordinal="0" offset="0" sl="36" sc="17" el="36" ec="18" />
            </Method>
            <Method visited="false" cyclomaticComplexity="1" sequenceCoverage="0" branchCoverage="0" isConstructor="true" isStatic="false" isGetter="false" isSetter="false">
              <MetadataToken>100663324</MetadataToken>
              <Name>System.Void Red.PointOfSale.Gui.NumPane::.ctor()</Name>
              <FileRef uid="22" />
              <SequencePoints>
                <SequencePoint vc="0" uspid="266" ordinal="0" offset="0" sl="15" sc="9" el="15" ec="39" />
                <SequencePoint vc="0" uspid="267" ordinal="1" offset="8" sl="16" sc="9" el="16" ec="10" />
                <SequencePoint vc="0" uspid="268" ordinal="2" offset="9" sl="17" sc="9" el="17" ec="10" />
              </SequencePoints>
              <BranchPoints />
              <MethodPoint xsi:type="SequencePoint" vc="0" uspid="266" ordinal="0" offset="0" sl="15" sc="9" el="15" ec="39" />
            </Method>
            <Method visited="false" cyclomaticComplexity="1" sequenceCoverage="0" branchCoverage="0" isConstructor="true" isStatic="false" isGetter="false" isSetter="false">
              <MetadataToken>100663326</MetadataToken>
              <Name>System.Void Red.PointOfSale.Gui.NumPane::.ctor(System.Boolean)</Name>
              <FileRef uid="23" />
              <SequencePoints>
                <SequencePoint vc="0" uspid="269" ordinal="0" offset="0" sl="8" sc="9" el="8" ec="68" />
                <SequencePoint vc="0" uspid="270" ordinal="1" offset="7" sl="23" sc="9" el="23" ec="40" />
                <SequencePoint vc="0" uspid="271" ordinal="2" offset="14" sl="24" sc="9" el="24" ec="10" />
                <SequencePoint vc="0" uspid="272" ordinal="3" offset="15" sl="25" sc="13" el="25" ec="35" />
                <SequencePoint vc="0" uspid="273" ordinal="4" offset="22" sl="26" sc="13" el="26" ec="42" />
                <SequencePoint vc="0" uspid="274" ordinal="5" offset="30" sl="27" sc="9" el="27" ec="10" />
              </SequencePoints>
              <BranchPoints />
              <MethodPoint xsi:type="SequencePoint" vc="0" uspid="269" ordinal="0" offset="0" sl="8" sc="9" el="8" ec="68" />
            </Method>
            <Method visited="false" cyclomaticComplexity="1" sequenceCoverage="0" branchCoverage="0" isConstructor="false" isStatic="false" isGetter="false" isSetter="false">
              <MetadataToken>100663327</MetadataToken>
              <Name>System.Void Red.PointOfSale.Gui.NumPane::PerformGo(System.String)</Name>
              <FileRef uid="22" />
              <SequencePoints>
                <SequencePoint vc="0" uspid="275" ordinal="0" offset="0" sl="30" sc="9" el="30" ec="10" />
                <SequencePoint vc="0" uspid="276" ordinal="1" offset="1" sl="31" sc="13" el="31" ec="36" />
                <SequencePoint vc="0" uspid="277" ordinal="2" offset="14" sl="32" sc="13" el="32" ec="40" />
                <SequencePoint vc="0" uspid="278" ordinal="3" offset="23" sl="33" sc="9" el="33" ec="10" />
              </SequencePoints>
              <BranchPoints />
              <MethodPoint xsi:type="SequencePoint" vc="0" uspid="275" ordinal="0" offset="0" sl="30" sc="9" el="30" ec="10" />
            </Method>
            <Method visited="false" cyclomaticComplexity="1" sequenceCoverage="0" branchCoverage="0" isConstructor="false" isStatic="false" isGetter="false" isSetter="false">
              <MetadataToken>100663329</MetadataToken>
              <Name>System.Void Red.PointOfSale.Gui.NumPane::Clear()</Name>
              <FileRef uid="22" />
              <SequencePoints>
                <SequencePoint vc="0" uspid="279" ordinal="0" offset="0" sl="44" sc="9" el="44" ec="10" />
                <SequencePoint vc="0" uspid="280" ordinal="1" offset="1" sl="45" sc="13" el="45" ec="43" />
                <SequencePoint vc="0" uspid="281" ordinal="2" offset="10" sl="46" sc="9" el="46" ec="10" />
              </SequencePoints>
              <BranchPoints />
              <MethodPoint xsi:type="SequencePoint" vc="0" uspid="279" ordinal="0" offset="0" sl="44" sc="9" el="44" ec="10" />
            </Method>
            <Method visited="false" cyclomaticComplexity="1" sequenceCoverage="0" branchCoverage="0" isConstructor="false" isStatic="false" isGetter="false" isSetter="false">
              <MetadataToken>100663330</MetadataToken>
              <Name>System.Void Red.PointOfSale.Gui.NumPane::buttonClear_Click(System.Object,System.EventArgs)</Name>
              <FileRef uid="22" />
              <SequencePoints>
                <SequencePoint vc="0" uspid="282" ordinal="0" offset="0" sl="49" sc="9" el="49" ec="10" />
                <SequencePoint vc="0" uspid="283" ordinal="1" offset="1" sl="50" sc="13" el="50" ec="30" />
                <SequencePoint vc="0" uspid="284" ordinal="2" offset="13" sl="51" sc="9" el="51" ec="10" />
              </SequencePoints>
              <BranchPoints />
              <MethodPoint xsi:type="SequencePoint" vc="0" uspid="282" ordinal="0" offset="0" sl="49" sc="9" el="49" ec="10" />
            </Method>
            <Method visited="false" cyclomaticComplexity="2" sequenceCoverage="0" branchCoverage="0" isConstructor="false" isStatic="false" isGetter="false" isSetter="false">
              <MetadataToken>100663331</MetadataToken>
              <Name>System.Void Red.PointOfSale.Gui.NumPane::add_Go(System.EventHandler)</Name>
              <SequencePoints />
              <BranchPoints>
                <BranchPoint vc="0" uspid="286" ordinal="0" offset="45" path="0" />
                <BranchPoint vc="0" uspid="287" ordinal="1" offset="45" path="1" />
              </BranchPoints>
              <MethodPoint vc="0" uspid="285" ordinal="0" offset="0" />
            </Method>
            <Method visited="false" cyclomaticComplexity="2" sequenceCoverage="0" branchCoverage="0" isConstructor="false" isStatic="false" isGetter="false" isSetter="false">
              <MetadataToken>100663332</MetadataToken>
              <Name>System.Void Red.PointOfSale.Gui.NumPane::remove_Go(System.EventHandler)</Name>
              <SequencePoints />
              <BranchPoints>
                <BranchPoint vc="0" uspid="289" ordinal="0" offset="45" path="0" />
                <BranchPoint vc="0" uspid="290" ordinal="1" offset="45" path="1" />
              </BranchPoints>
              <MethodPoint vc="0" uspid="288" ordinal="0" offset="0" />
            </Method>
            <Method visited="false" cyclomaticComplexity="2" sequenceCoverage="0" branchCoverage="0" isConstructor="false" isStatic="false" isGetter="false" isSetter="false">
              <MetadataToken>100663333</MetadataToken>
              <Name>System.Void Red.PointOfSale.Gui.NumPane::OnGo(System.EventArgs)</Name>
              <FileRef uid="22" />
              <SequencePoints>
                <SequencePoint vc="0" uspid="291" ordinal="0" offset="0" sl="56" sc="9" el="56" ec="10" />
                <SequencePoint vc="0" uspid="292" ordinal="1" offset="1" sl="57" sc="13" el="57" ec="28" />
                <SequencePoint vc="0" uspid="293" ordinal="2" offset="14" sl="57" sc="29" el="57" ec="30" />
                <SequencePoint vc="0" uspid="294" ordinal="3" offset="15" sl="58" sc="17" el="58" ec="29" />
                <SequencePoint vc="0" uspid="295" ordinal="4" offset="29" sl="59" sc="13" el="59" ec="14" />
                <SequencePoint vc="0" uspid="296" ordinal="5" offset="30" sl="60" sc="9" el="60" ec="10" />
              </SequencePoints>
              <BranchPoints>
                <BranchPoint vc="0" uspid="297" ordinal="0" offset="12" path="0" />
                <BranchPoint vc="0" uspid="298" ordinal="1" offset="12" path="1" />
              </BranchPoints>
              <MethodPoint xsi:type="SequencePoint" vc="0" uspid="291" ordinal="0" offset="0" sl="56" sc="9" el="56" ec="10" />
            </Method>
            <Method visited="false" cyclomaticComplexity="1" sequenceCoverage="0" branchCoverage="0" isConstructor="false" isStatic="false" isGetter="false" isSetter="false">
              <MetadataToken>100663334</MetadataToken>
              <Name>System.Void Red.PointOfSale.Gui.NumPane::buttonGo_Click(System.Object,System.EventArgs)</Name>
              <FileRef uid="22" />
              <SequencePoints>
                <SequencePoint vc="0" uspid="299" ordinal="0" offset="0" sl="63" sc="9" el="63" ec="10" />
                <SequencePoint vc="0" uspid="300" ordinal="1" offset="1" sl="64" sc="13" el="64" ec="24" />
                <SequencePoint vc="0" uspid="301" ordinal="2" offset="9" sl="65" sc="9" el="65" ec="10" />
              </SequencePoints>
              <BranchPoints />
              <MethodPoint xsi:type="SequencePoint" vc="0" uspid="299" ordinal="0" offset="0" sl="63" sc="9" el="63" ec="10" />
            </Method>
            <Method visited="false" cyclomaticComplexity="1" sequenceCoverage="0" branchCoverage="0" isConstructor="false" isStatic="false" isGetter="false" isSetter="false">
              <MetadataToken>100663335</MetadataToken>
              <Name>System.Void Red.PointOfSale.Gui.NumPane::button4_Click(System.Object,System.EventArgs)</Name>
              <FileRef uid="22" />
              <SequencePoints>
                <SequencePoint vc="0" uspid="302" ordinal="0" offset="0" sl="68" sc="9" el="68" ec="10" />
                <SequencePoint vc="0" uspid="303" ordinal="1" offset="1" sl="69" sc="13" el="69" ec="54" />
                <SequencePoint vc="0" uspid="304" ordinal="2" offset="35" sl="70" sc="9" el="70" ec="10" />
              </SequencePoints>
              <BranchPoints />
              <MethodPoint xsi:type="SequencePoint" vc="0" uspid="302" ordinal="0" offset="0" sl="68" sc="9" el="68" ec="10" />
            </Method>
            <Method visited="false" cyclomaticComplexity="3" sequenceCoverage="0" branchCoverage="0" isConstructor="false" isStatic="false" isGetter="false" isSetter="false">
              <MetadataToken>100663336</MetadataToken>
              <Name>System.Void Red.PointOfSale.Gui.NumPane::Dispose(System.Boolean)</Name>
              <FileRef uid="23" />
              <SequencePoints>
                <SequencePoint vc="0" uspid="305" ordinal="0" offset="0" sl="15" sc="9" el="15" ec="10" />
                <SequencePoint vc="0" uspid="306" ordinal="1" offset="1" sl="16" sc="13" el="16" ec="51" />
                <SequencePoint vc="0" uspid="307" ordinal="2" offset="21" sl="16" sc="52" el="16" ec="53" />
                <SequencePoint vc="0" uspid="308" ordinal="3" offset="22" sl="17" sc="17" el="17" ec="38" />
                <SequencePoint vc="0" uspid="309" ordinal="4" offset="34" sl="18" sc="13" el="18" ec="14" />
                <SequencePoint vc="0" uspid="310" ordinal="5" offset="35" sl="19" sc="13" el="19" ec="37" />
                <SequencePoint vc="0" uspid="311" ordinal="6" offset="43" sl="20" sc="9" el="20" ec="10" />
              </SequencePoints>
              <BranchPoints>
                <BranchPoint vc="0" uspid="312" ordinal="0" offset="2" path="0" />
                <BranchPoint vc="0" uspid="313" ordinal="1" offset="2" path="1" />
[...]
                <SequencePoint vc="0" uspid="1881" ordinal="3" offset="20" sl="42" sc="21" el="42" ec="182" />
                <SequencePoint vc="0" uspid="1882" ordinal="4" offset="46" sl="43" sc="21" el="43" ec="40" />
                <SequencePoint vc="0" uspid="1883" ordinal="5" offset="52" sl="44" sc="17" el="44" ec="18" />
                <SequencePoint vc="0" uspid="1884" ordinal="6" offset="53" sl="45" sc="17" el="45" ec="36" />
                <SequencePoint vc="0" uspid="1885" ordinal="7" offset="61" sl="46" sc="13" el="46" ec="14" />
              </SequencePoints>
              <BranchPoints>
                <BranchPoint vc="0" uspid="1886" ordinal="0" offset="17" path="0" />
                <BranchPoint vc="0" uspid="1887" ordinal="1" offset="17" path="1" />
              </BranchPoints>
              <MethodPoint xsi:type="SequencePoint" vc="0" uspid="1878" ordinal="0" offset="0" sl="40" sc="17" el="40" ec="18" />
            </Method>
            <Method visited="false" cyclomaticComplexity="1" sequenceCoverage="0" branchCoverage="0" isConstructor="false" isStatic="true" isGetter="true" isSetter="false">
              <MetadataToken>100663572</MetadataToken>
              <Name>System.Globalization.CultureInfo Red.PointOfSale.Properties.Resources::get_Culture()</Name>
              <FileRef uid="57" />
              <SequencePoints>
                <SequencePoint vc="0" uspid="1888" ordinal="0" offset="0" sl="55" sc="17" el="55" ec="18" />
                <SequencePoint vc="0" uspid="1889" ordinal="1" offset="1" sl="56" sc="17" el="56" ec="40" />
                <SequencePoint vc="0" uspid="1890" ordinal="2" offset="9" sl="57" sc="13" el="57" ec="14" />
              </SequencePoints>
              <BranchPoints />
              <MethodPoint xsi:type="SequencePoint" vc="0" uspid="1888" ordinal="0" offset="0" sl="55" sc="17" el="55" ec="18" />
            </Method>
            <Method visited="false" cyclomaticComplexity="1" sequenceCoverage="0" branchCoverage="0" isConstructor="false" isStatic="true" isGetter="false" isSetter="true">
              <MetadataToken>100663573</MetadataToken>
              <Name>System.Void Red.PointOfSale.Properties.Resources::set_Culture(System.Globalization.CultureInfo)</Name>
              <FileRef uid="57" />
              <SequencePoints>
                <SequencePoint vc="0" uspid="1891" ordinal="0" offset="0" sl="58" sc="17" el="58" ec="18" />
                <SequencePoint vc="0" uspid="1892" ordinal="1" offset="1" sl="59" sc="17" el="59" ec="41" />
                <SequencePoint vc="0" uspid="1893" ordinal="2" offset="7" sl="60" sc="13" el="60" ec="14" />
              </SequencePoints>
              <BranchPoints />
              <MethodPoint xsi:type="SequencePoint" vc="0" uspid="1891" ordinal="0" offset="0" sl="58" sc="17" el="58" ec="18" />
            </Method>
            <Method visited="false" cyclomaticComplexity="1" sequenceCoverage="0" branchCoverage="0" isConstructor="true" isStatic="false" isGetter="false" isSetter="false">
              <MetadataToken>100663570</MetadataToken>
              <Name>System.Void Red.PointOfSale.Properties.Resources::.ctor()</Name>
              <FileRef uid="57" />
              <SequencePoints>
                <SequencePoint vc="0" uspid="1894" ordinal="0" offset="0" sl="31" sc="9" el="32" ec="29" />
                <SequencePoint vc="0" uspid="1895" ordinal="1" offset="7" sl="32" sc="30" el="32" ec="31" />
                <SequencePoint vc="0" uspid="1896" ordinal="2" offset="8" sl="33" sc="9" el="33" ec="10" />
              </SequencePoints>
              <BranchPoints />
              <MethodPoint xsi:type="SequencePoint" vc="0" uspid="1894" ordinal="0" offset="0" sl="31" sc="9" el="32" ec="29" />
            </Method>
          </Methods>
        </Class>
        <Class>
          <FullName>Red.PointOfSale.Properties.Settings</FullName>
          <Methods>
            <Method visited="false" cyclomaticComplexity="1" sequenceCoverage="0" branchCoverage="0" isConstructor="false" isStatic="true" isGetter="true" isSetter="false">
              <MetadataToken>100663574</MetadataToken>
              <Name>Red.PointOfSale.Properties.Settings Red.PointOfSale.Properties.Settings::get_Default()</Name>
              <FileRef uid="58" />
              <SequencePoints>
                <SequencePoint vc="0" uspid="1897" ordinal="0" offset="0" sl="21" sc="17" el="21" ec="18" />
                <SequencePoint vc="0" uspid="1898" ordinal="1" offset="1" sl="22" sc="17" el="22" ec="40" />
                <SequencePoint vc="0" uspid="1899" ordinal="2" offset="9" sl="23" sc="13" el="23" ec="14" />
              </SequencePoints>
              <BranchPoints />
              <MethodPoint xsi:type="SequencePoint" vc="0" uspid="1897" ordinal="0" offset="0" sl="21" sc="17" el="21" ec="18" />
            </Method>
            <Method visited="false" cyclomaticComplexity="1" sequenceCoverage="0" branchCoverage="0" isConstructor="true" isStatic="false" isGetter="false" isSetter="false">
              <MetadataToken>100663575</MetadataToken>
              <Name>System.Void Red.PointOfSale.Properties.Settings::.ctor()</Name>
              <SequencePoints />
              <BranchPoints />
              <MethodPoint vc="0" uspid="1900" ordinal="0" offset="0" />
            </Method>
            <Method visited="false" cyclomaticComplexity="1" sequenceCoverage="0" branchCoverage="0" isConstructor="true" isStatic="true" isGetter="false" isSetter="false">
              <MetadataToken>100663576</MetadataToken>
              <Name>System.Void Red.PointOfSale.Properties.Settings::.cctor()</Name>
              <FileRef uid="58" />
              <SequencePoints>
                <SequencePoint vc="0" uspid="1901" ordinal="0" offset="0" sl="18" sc="9" el="18" ec="147" />
              </SequencePoints>
              <BranchPoints />
              <MethodPoint xsi:type="SequencePoint" vc="0" uspid="1901" ordinal="0" offset="0" sl="18" sc="9" el="18" ec="147" />
            </Method>
          </Methods>
        </Class>
        <Class>
          <FullName>&lt;&gt;f__AnonymousType0`3</FullName>
          <Methods>
            <Method visited="false" cyclomaticComplexity="1" sequenceCoverage="0" branchCoverage="0" isConstructor="false" isStatic="false" isGetter="true" isSetter="false">
              <MetadataToken>100663580</MetadataToken>
              <Name>&lt;item_id&gt;j__TPar &lt;&gt;f__AnonymousType0`3::get_item_id()</Name>
              <SequencePoints />
              <BranchPoints />
              <MethodPoint vc="0" uspid="1902" ordinal="0" offset="0" />
            </Method>
            <Method visited="false" cyclomaticComplexity="1" sequenceCoverage="0" branchCoverage="0" isConstructor="false" isStatic="false" isGetter="true" isSetter="false">
              <MetadataToken>100663581</MetadataToken>
              <Name>&lt;quantity&gt;j__TPar &lt;&gt;f__AnonymousType0`3::get_quantity()</Name>
              <SequencePoints />
              <BranchPoints />
              <MethodPoint vc="0" uspid="1903" ordinal="0" offset="0" />
            </Method>
            <Method visited="false" cyclomaticComplexity="1" sequenceCoverage="0" branchCoverage="0" isConstructor="false" isStatic="false" isGetter="true" isSetter="false">
              <MetadataToken>100663582</MetadataToken>
              <Name>&lt;price&gt;j__TPar &lt;&gt;f__AnonymousType0`3::get_price()</Name>
              <SequencePoints />
              <BranchPoints />
              <MethodPoint vc="0" uspid="1904" ordinal="0" offset="0" />
            </Method>
            <Method visited="false" cyclomaticComplexity="1" sequenceCoverage="0" branchCoverage="0" isConstructor="true" isStatic="false" isGetter="false" isSetter="false">
              <MetadataToken>100663579</MetadataToken>
              <Name>System.Void &lt;&gt;f__AnonymousType0`3::.ctor(&lt;item_id&gt;j__TPar,&lt;quantity&gt;j__TPar,&lt;price&gt;j__TPar)</Name>
              <SequencePoints />
              <BranchPoints />
              <MethodPoint vc="0" uspid="1905" ordinal="0" offset="0" />
            </Method>
            <Method visited="false" cyclomaticComplexity="1" sequenceCoverage="0" branchCoverage="0" isConstructor="false" isStatic="false" isGetter="false" isSetter="false">
              <MetadataToken>100663583</MetadataToken>
              <Name>System.String &lt;&gt;f__AnonymousType0`3::ToString()</Name>
              <SequencePoints />
              <BranchPoints />
              <MethodPoint vc="0" uspid="1906" ordinal="0" offset="0" />
            </Method>
            <Method visited="false" cyclomaticComplexity="4" sequenceCoverage="0" branchCoverage="0" isConstructor="false" isStatic="false" isGetter="false" isSetter="false">
              <MetadataToken>100663584</MetadataToken>
              <Name>System.Boolean &lt;&gt;f__AnonymousType0`3::Equals(System.Object)</Name>
              <SequencePoints />
              <BranchPoints>
                <BranchPoint vc="0" uspid="1908" ordinal="0" offset="8" path="0" />
                <BranchPoint vc="0" uspid="1909" ordinal="1" offset="8" path="1" />
                <BranchPoint vc="0" uspid="1910" ordinal="2" offset="32" path="0" />
                <BranchPoint vc="0" uspid="1911" ordinal="3" offset="32" path="1" />
                <BranchPoint vc="0" uspid="1912" ordinal="4" offset="56" path="0" />
                <BranchPoint vc="0" uspid="1913" ordinal="5" offset="56" path="1" />
              </BranchPoints>
              <MethodPoint vc="0" uspid="1907" ordinal="0" offset="0" />
            </Method>
            <Method visited="false" cyclomaticComplexity="1" sequenceCoverage="0" branchCoverage="0" isConstructor="false" isStatic="false" isGetter="false" isSetter="false">
              <MetadataToken>100663585</MetadataToken>
              <Name>System.Int32 &lt;&gt;f__AnonymousType0`3::GetHashCode()</Name>
              <SequencePoints />
              <BranchPoints />
              <MethodPoint vc="0" uspid="1914" ordinal="0" offset="0" />
            </Method>
          </Methods>
        </Class>
        <Class>
          <FullName>&lt;&gt;f__AnonymousType1`3</FullName>
          <Methods>
            <Method visited="false" cyclomaticComplexity="1" sequenceCoverage="0" branchCoverage="0" isConstructor="false" isStatic="false" isGetter="true" isSetter="false">
              <MetadataToken>100663587</MetadataToken>
              <Name>&lt;id&gt;j__TPar &lt;&gt;f__AnonymousType1`3::get_id()</Name>
              <SequencePoints />
              <BranchPoints />
              <MethodPoint vc="0" uspid="1915" ordinal="0" offset="0" />
            </Method>
            <Method visited="false" cyclomaticComplexity="1" sequenceCoverage="0" branchCoverage="0" isConstructor="false" isStatic="false" isGetter="true" isSetter="false">
              <MetadataToken>100663588</MetadataToken>
              <Name>&lt;customer_id&gt;j__TPar &lt;&gt;f__AnonymousType1`3::get_customer_id()</Name>
              <SequencePoints />
              <BranchPoints />
              <MethodPoint vc="0" uspid="1916" ordinal="0" offset="0" />
            </Method>
            <Method visited="false" cyclomaticComplexity="1" sequenceCoverage="0" branchCoverage="0" isConstructor="false" isStatic="false" isGetter="true" isSetter="false">
              <MetadataToken>100663589</MetadataToken>
              <Name>&lt;items&gt;j__TPar &lt;&gt;f__AnonymousType1`3::get_items()</Name>
              <SequencePoints />
              <BranchPoints />
              <MethodPoint vc="0" uspid="1917" ordinal="0" offset="0" />
            </Method>
            <Method visited="false" cyclomaticComplexity="1" sequenceCoverage="0" branchCoverage="0" isConstructor="true" isStatic="false" isGetter="false" isSetter="false">
              <MetadataToken>100663586</MetadataToken>
              <Name>System.Void &lt;&gt;f__AnonymousType1`3::.ctor(&lt;id&gt;j__TPar,&lt;customer_id&gt;j__TPar,&lt;items&gt;j__TPar)</Name>
              <SequencePoints />
              <BranchPoints />
              <MethodPoint vc="0" uspid="1918" ordinal="0" offset="0" />
            </Method>
            <Method visited="false" cyclomaticComplexity="1" sequenceCoverage="0" branchCoverage="0" isConstructor="false" isStatic="false" isGetter="false" isSetter="false">
              <MetadataToken>100663590</MetadataToken>
              <Name>System.String &lt;&gt;f__AnonymousType1`3::ToString()</Name>
              <SequencePoints />
              <BranchPoints />
              <MethodPoint vc="0" uspid="1919" ordinal="0" offset="0" />
            </Method>
            <Method visited="false" cyclomaticComplexity="4" sequenceCoverage="0" branchCoverage="0" isConstructor="false" isStatic="false" isGetter="false" isSetter="false">
              <MetadataToken>100663591</MetadataToken>
              <Name>System.Boolean &lt;&gt;f__AnonymousType1`3::Equals(System.Object)</Name>
              <SequencePoints />
              <BranchPoints>
                <BranchPoint vc="0" uspid="1921" ordinal="0" offset="8" path="0" />
                <BranchPoint vc="0" uspid="1922" ordinal="1" offset="8" path="1" />
                <BranchPoint vc="0" uspid="1923" ordinal="2" offset="32" path="0" />
                <BranchPoint vc="0" uspid="1924" ordinal="3" offset="32" path="1" />
                <BranchPoint vc="0" uspid="1925" ordinal="4" offset="56" path="0" />
                <BranchPoint vc="0" uspid="1926" ordinal="5" offset="56" path="1" />
              </BranchPoints>
              <MethodPoint vc="0" uspid="1920" ordinal="0" offset="0" />
            </Method>
            <Method visited="false" cyclomaticComplexity="1" sequenceCoverage="0" branchCoverage="0" isConstructor="false" isStatic="false" isGetter="false" isSetter="false">
              <MetadataToken>100663592</MetadataToken>
              <Name>System.Int32 &lt;&gt;f__AnonymousType1`3::GetHashCode()</Name>
              <SequencePoints />
              <BranchPoints />
              <MethodPoint vc="0" uspid="1927" ordinal="0" offset="0" />
            </Method>
          </Methods>
        </Class>
        <Class>
          <FullName>&lt;&gt;f__AnonymousType2`2</FullName>
          <Methods>
            <Method visited="false" cyclomaticComplexity="1" sequenceCoverage="0" branchCoverage="0" isConstructor="false" isStatic="false" isGetter="true" isSetter="false">
              <MetadataToken>100663594</MetadataToken>
              <Name>&lt;apikey&gt;j__TPar &lt;&gt;f__AnonymousType2`2::get_apikey()</Name>
              <SequencePoints />
              <BranchPoints />
              <MethodPoint vc="0" uspid="1928" ordinal="0" offset="0" />
            </Method>
            <Method visited="false" cyclomaticComplexity="1" sequenceCoverage="0" branchCoverage="0" isConstructor="false" isStatic="false" isGetter="true" isSetter="false">
              <MetadataToken>100663595</MetadataToken>
              <Name>&lt;data&gt;j__TPar &lt;&gt;f__AnonymousType2`2::get_data()</Name>
              <SequencePoints />
              <BranchPoints />
              <MethodPoint vc="0" uspid="1929" ordinal="0" offset="0" />
            </Method>
            <Method visited="false" cyclomaticComplexity="1" sequenceCoverage="0" branchCoverage="0" isConstructor="true" isStatic="false" isGetter="false" isSetter="false">
              <MetadataToken>100663593</MetadataToken>
              <Name>System.Void &lt;&gt;f__AnonymousType2`2::.ctor(&lt;apikey&gt;j__TPar,&lt;data&gt;j__TPar)</Name>
              <SequencePoints />
              <BranchPoints />
              <MethodPoint vc="0" uspid="1930" ordinal="0" offset="0" />
            </Method>
            <Method visited="false" cyclomaticComplexity="1" sequenceCoverage="0" branchCoverage="0" isConstructor="false" isStatic="false" isGetter="false" isSetter="false">
              <MetadataToken>100663596</MetadataToken>
              <Name>System.String &lt;&gt;f__AnonymousType2`2::ToString()</Name>
              <SequencePoints />
              <BranchPoints />
              <MethodPoint vc="0" uspid="1931" ordinal="0" offset="0" />
            </Method>
            <Method visited="false" cyclomaticComplexity="3" sequenceCoverage="0" branchCoverage="0" isConstructor="false" isStatic="false" isGetter="false" isSetter="false">
              <MetadataToken>100663597</MetadataToken>
              <Name>System.Boolean &lt;&gt;f__AnonymousType2`2::Equals(System.Object)</Name>
              <SequencePoints />
              <BranchPoints>
                <BranchPoint vc="0" uspid="1933" ordinal="0" offset="8" path="0" />
                <BranchPoint vc="0" uspid="1934" ordinal="1" offset="8" path="1" />
                <BranchPoint vc="0" uspid="1935" ordinal="2" offset="32" path="0" />
                <BranchPoint vc="0" uspid="1936" ordinal="3" offset="32" path="1" />
              </BranchPoints>
              <MethodPoint vc="0" uspid="1932" ordinal="0" offset="0" />
            </Method>
            <Method visited="false" cyclomaticComplexity="1" sequenceCoverage="0" branchCoverage="0" isConstructor="false" isStatic="false" isGetter="false" isSetter="false">
              <MetadataToken>100663598</MetadataToken>
              <Name>System.Int32 &lt;&gt;f__AnonymousType2`2::GetHashCode()</Name>
              <SequencePoints />
              <BranchPoints />
              <MethodPoint vc="0" uspid="1937" ordinal="0" offset="0" />
            </Method>
          </Methods>
        </Class>
        <Class>
          <FullName>&lt;&gt;f__AnonymousType3</FullName>
          <Methods>
            <Method visited="false" cyclomaticComplexity="1" sequenceCoverage="0" branchCoverage="0" isConstructor="true" isStatic="false" isGetter="false" isSetter="false">
              <MetadataToken>100663605</MetadataToken>
              <Name>System.Void &lt;&gt;f__AnonymousType3::.ctor()</Name>
              <SequencePoints />
              <BranchPoints />
              <MethodPoint vc="0" uspid="1938" ordinal="0" offset="0" />
            </Method>
            <Method visited="false" cyclomaticComplexity="1" sequenceCoverage="0" branchCoverage="0" isConstructor="false" isStatic="false" isGetter="false" isSetter="false">
              <MetadataToken>100663606</MetadataToken>
              <Name>System.String &lt;&gt;f__AnonymousType3::ToString()</Name>
              <SequencePoints />
              <BranchPoints />
              <MethodPoint vc="0" uspid="1939" ordinal="0" offset="0" />
            </Method>
            <Method visited="false" cyclomaticComplexity="1" sequenceCoverage="0" branchCoverage="0" isConstructor="false" isStatic="false" isGetter="false" isSetter="false">
              <MetadataToken>100663607</MetadataToken>
              <Name>System.Boolean &lt;&gt;f__AnonymousType3::Equals(System.Object)</Name>
              <SequencePoints />
              <BranchPoints />
              <MethodPoint vc="0" uspid="1940" ordinal="0" offset="0" />
            </Method>
            <Method visited="false" cyclomaticComplexity="1" sequenceCoverage="0" branchCoverage="0" isConstructor="false" isStatic="false" isGetter="false" isSetter="false">
              <MetadataToken>100663608</MetadataToken>
              <Name>System.Int32 &lt;&gt;f__AnonymousType3::GetHashCode()</Name>
              <SequencePoints />
              <BranchPoints />
              <MethodPoint vc="0" uspid="1941" ordinal="0" offset="0" />
            </Method>
          </Methods>
        </Class>
      </Classes>
    </Module>
    <Module skippedDueTo="MissingPdb" hash="5A-AD-3B-9C-E5-27-99-30-86-80-F9-10-50-53-1F-E1-A6-6B-D0-45">
      <FullName>C:\WINDOWS\Microsoft.Net\assembly\GAC_MSIL\Accessibility\v4.0_4.0.0.0__b03f5f7f11d50a3a\Accessibility.dll</FullName>
      <ModuleName>Accessibility</ModuleName>
      <Classes />
    </Module>
  </Modules>
</CoverageSession>